{"/Volumes/backup/Organismes/3WA_Groupe/CDA33AB/squadforge_starter/src/modules/game/core/actions/choose-battlefield.action.ts": {"path":"/Volumes/backup/Organismes/3WA_Groupe/CDA33AB/squadforge_starter/src/modules/game/core/actions/choose-battlefield.action.ts","all":false,"statementMap":{"0":{"start":{"line":1,"column":0},"end":{"line":1,"column":64}},"1":{"start":{"line":2,"column":0},"end":{"line":2,"column":48}},"2":{"start":{"line":3,"column":0},"end":{"line":3,"column":0}},"3":{"start":{"line":4,"column":0},"end":{"line":4,"column":104}},"4":{"start":{"line":5,"column":0},"end":{"line":5,"column":64}},"5":{"start":{"line":6,"column":0},"end":{"line":6,"column":1}}},"s":{"0":1,"1":1,"2":1,"3":1,"4":1,"5":1},"branchMap":{"0":{"type":"branch","line":4,"loc":{"start":{"line":4,"column":33},"end":{"line":6,"column":1}},"locations":[{"start":{"line":4,"column":33},"end":{"line":6,"column":1}}]},"1":{"type":"branch","line":4,"loc":{"start":{"line":4,"column":60},"end":{"line":6,"column":1}},"locations":[{"start":{"line":4,"column":60},"end":{"line":6,"column":1}}]}},"b":{"0":[1],"1":[1]},"fnMap":{"0":{"name":"chooseBattlefield","decl":{"start":{"line":4,"column":33},"end":{"line":6,"column":1}},"loc":{"start":{"line":4,"column":33},"end":{"line":6,"column":1}},"line":4}},"f":{"0":1}}
,"/Volumes/backup/Organismes/3WA_Groupe/CDA33AB/squadforge_starter/src/modules/game/core/actions/choose-players.action.ts": {"path":"/Volumes/backup/Organismes/3WA_Groupe/CDA33AB/squadforge_starter/src/modules/game/core/actions/choose-players.action.ts","all":false,"statementMap":{"0":{"start":{"line":1,"column":0},"end":{"line":1,"column":51}},"1":{"start":{"line":2,"column":0},"end":{"line":2,"column":48}},"2":{"start":{"line":3,"column":0},"end":{"line":3,"column":50}},"3":{"start":{"line":4,"column":0},"end":{"line":4,"column":0}},"4":{"start":{"line":5,"column":0},"end":{"line":5,"column":89}},"5":{"start":{"line":6,"column":0},"end":{"line":6,"column":45}},"6":{"start":{"line":7,"column":0},"end":{"line":7,"column":1}}},"s":{"0":1,"1":1,"2":1,"3":1,"4":1,"5":1,"6":1},"branchMap":{"0":{"type":"branch","line":5,"loc":{"start":{"line":5,"column":29},"end":{"line":7,"column":1}},"locations":[{"start":{"line":5,"column":29},"end":{"line":7,"column":1}}]},"1":{"type":"branch","line":5,"loc":{"start":{"line":5,"column":55},"end":{"line":7,"column":1}},"locations":[{"start":{"line":5,"column":55},"end":{"line":7,"column":1}}]},"2":{"type":"branch","line":5,"loc":{"start":{"line":5,"column":87},"end":{"line":7,"column":1}},"locations":[{"start":{"line":5,"column":87},"end":{"line":7,"column":1}}]}},"b":{"0":[1],"1":[1],"2":[1]},"fnMap":{"0":{"name":"choosePlayers","decl":{"start":{"line":5,"column":29},"end":{"line":7,"column":1}},"loc":{"start":{"line":5,"column":29},"end":{"line":7,"column":1}},"line":5}},"f":{"0":1}}
,"/Volumes/backup/Organismes/3WA_Groupe/CDA33AB/squadforge_starter/src/modules/game/core/actions/fetch-battlefields.action.ts": {"path":"/Volumes/backup/Organismes/3WA_Groupe/CDA33AB/squadforge_starter/src/modules/game/core/actions/fetch-battlefields.action.ts","all":false,"statementMap":{"0":{"start":{"line":1,"column":0},"end":{"line":1,"column":66}},"1":{"start":{"line":2,"column":0},"end":{"line":2,"column":59}},"2":{"start":{"line":3,"column":0},"end":{"line":3,"column":64}},"3":{"start":{"line":4,"column":0},"end":{"line":4,"column":48}},"4":{"start":{"line":5,"column":0},"end":{"line":5,"column":0}},"5":{"start":{"line":6,"column":0},"end":{"line":6,"column":40}},"6":{"start":{"line":7,"column":0},"end":{"line":7,"column":27}},"7":{"start":{"line":8,"column":0},"end":{"line":8,"column":19}},"8":{"start":{"line":9,"column":0},"end":{"line":9,"column":30}},"9":{"start":{"line":10,"column":0},"end":{"line":10,"column":6}},"10":{"start":{"line":11,"column":0},"end":{"line":11,"column":59}},"11":{"start":{"line":12,"column":0},"end":{"line":12,"column":9}},"12":{"start":{"line":13,"column":0},"end":{"line":13,"column":85}},"13":{"start":{"line":14,"column":0},"end":{"line":14,"column":67}},"14":{"start":{"line":15,"column":0},"end":{"line":15,"column":21}},"15":{"start":{"line":16,"column":0},"end":{"line":16,"column":92}},"16":{"start":{"line":17,"column":0},"end":{"line":17,"column":5}},"17":{"start":{"line":18,"column":0},"end":{"line":18,"column":1}}},"s":{"0":1,"1":1,"2":1,"3":1,"4":1,"5":1,"6":3,"7":3,"8":3,"9":3,"10":3,"11":3,"12":3,"13":1,"14":2,"15":2,"16":2,"17":3},"branchMap":{"0":{"type":"branch","line":6,"loc":{"start":{"line":6,"column":33},"end":{"line":18,"column":1}},"locations":[{"start":{"line":6,"column":33},"end":{"line":18,"column":1}}]},"1":{"type":"branch","line":10,"loc":{"start":{"line":10,"column":4},"end":{"line":18,"column":1}},"locations":[{"start":{"line":10,"column":4},"end":{"line":18,"column":1}}]},"2":{"type":"branch","line":14,"loc":{"start":{"line":14,"column":-1},"end":{"line":17,"column":5}},"locations":[{"start":{"line":14,"column":-1},"end":{"line":17,"column":5}}]},"3":{"type":"branch","line":14,"loc":{"start":{"line":14,"column":-1},"end":{"line":15,"column":13}},"locations":[{"start":{"line":14,"column":-1},"end":{"line":15,"column":13}}]}},"b":{"0":[3],"1":[3],"2":[2],"3":[1]},"fnMap":{"0":{"name":"fetchBattlefields","decl":{"start":{"line":6,"column":33},"end":{"line":18,"column":1}},"loc":{"start":{"line":6,"column":33},"end":{"line":18,"column":1}},"line":6}},"f":{"0":3}}
,"/Volumes/backup/Organismes/3WA_Groupe/CDA33AB/squadforge_starter/src/modules/game/core/form/players-form.ts": {"path":"/Volumes/backup/Organismes/3WA_Groupe/CDA33AB/squadforge_starter/src/modules/game/core/form/players-form.ts","all":false,"statementMap":{"0":{"start":{"line":1,"column":0},"end":{"line":1,"column":42}},"1":{"start":{"line":2,"column":0},"end":{"line":2,"column":32}},"2":{"start":{"line":3,"column":0},"end":{"line":3,"column":48}},"3":{"start":{"line":4,"column":0},"end":{"line":4,"column":0}},"4":{"start":{"line":5,"column":0},"end":{"line":5,"column":26}},"5":{"start":{"line":6,"column":0},"end":{"line":6,"column":0}},"6":{"start":{"line":7,"column":0},"end":{"line":7,"column":55}},"7":{"start":{"line":8,"column":0},"end":{"line":8,"column":40}},"8":{"start":{"line":9,"column":0},"end":{"line":9,"column":32}},"9":{"start":{"line":10,"column":0},"end":{"line":10,"column":29}},"10":{"start":{"line":11,"column":0},"end":{"line":11,"column":34}},"11":{"start":{"line":12,"column":0},"end":{"line":12,"column":32}},"12":{"start":{"line":13,"column":0},"end":{"line":13,"column":24}},"13":{"start":{"line":14,"column":0},"end":{"line":14,"column":27}},"14":{"start":{"line":15,"column":0},"end":{"line":15,"column":24}},"15":{"start":{"line":16,"column":0},"end":{"line":16,"column":33}},"16":{"start":{"line":17,"column":0},"end":{"line":17,"column":32}},"17":{"start":{"line":18,"column":0},"end":{"line":18,"column":32}},"18":{"start":{"line":19,"column":0},"end":{"line":19,"column":17}},"19":{"start":{"line":20,"column":0},"end":{"line":20,"column":14}},"20":{"start":{"line":21,"column":0},"end":{"line":21,"column":10}},"21":{"start":{"line":22,"column":0},"end":{"line":22,"column":5}},"22":{"start":{"line":23,"column":0},"end":{"line":23,"column":0}},"23":{"start":{"line":24,"column":0},"end":{"line":24,"column":70}},"24":{"start":{"line":25,"column":0},"end":{"line":25,"column":40}},"25":{"start":{"line":26,"column":0},"end":{"line":26,"column":78}},"26":{"start":{"line":27,"column":0},"end":{"line":27,"column":33}},"27":{"start":{"line":28,"column":0},"end":{"line":28,"column":43}},"28":{"start":{"line":29,"column":0},"end":{"line":29,"column":0}},"29":{"start":{"line":30,"column":0},"end":{"line":30,"column":43}},"30":{"start":{"line":31,"column":0},"end":{"line":31,"column":42}},"31":{"start":{"line":32,"column":0},"end":{"line":32,"column":13}},"32":{"start":{"line":33,"column":0},"end":{"line":33,"column":10}},"33":{"start":{"line":34,"column":0},"end":{"line":34,"column":5}},"34":{"start":{"line":35,"column":0},"end":{"line":35,"column":0}},"35":{"start":{"line":36,"column":0},"end":{"line":36,"column":74}},"36":{"start":{"line":37,"column":0},"end":{"line":37,"column":40}},"37":{"start":{"line":38,"column":0},"end":{"line":38,"column":82}},"38":{"start":{"line":39,"column":0},"end":{"line":39,"column":60}},"39":{"start":{"line":40,"column":0},"end":{"line":40,"column":10}},"40":{"start":{"line":41,"column":0},"end":{"line":41,"column":5}},"41":{"start":{"line":42,"column":0},"end":{"line":42,"column":0}},"42":{"start":{"line":43,"column":0},"end":{"line":43,"column":52}},"43":{"start":{"line":44,"column":0},"end":{"line":44,"column":45}},"44":{"start":{"line":45,"column":0},"end":{"line":45,"column":60}},"45":{"start":{"line":46,"column":0},"end":{"line":46,"column":73}},"46":{"start":{"line":47,"column":0},"end":{"line":47,"column":72}},"47":{"start":{"line":48,"column":0},"end":{"line":48,"column":92}},"48":{"start":{"line":49,"column":0},"end":{"line":49,"column":5}},"49":{"start":{"line":50,"column":0},"end":{"line":50,"column":0}},"50":{"start":{"line":51,"column":0},"end":{"line":51,"column":51}},"51":{"start":{"line":52,"column":0},"end":{"line":52,"column":31}},"52":{"start":{"line":53,"column":0},"end":{"line":53,"column":19}},"53":{"start":{"line":54,"column":0},"end":{"line":54,"column":15}},"54":{"start":{"line":55,"column":0},"end":{"line":55,"column":34}},"55":{"start":{"line":56,"column":0},"end":{"line":56,"column":24}},"56":{"start":{"line":57,"column":0},"end":{"line":57,"column":40}},"57":{"start":{"line":58,"column":0},"end":{"line":58,"column":74}},"58":{"start":{"line":59,"column":0},"end":{"line":59,"column":32}},"59":{"start":{"line":60,"column":0},"end":{"line":60,"column":31}},"60":{"start":{"line":61,"column":0},"end":{"line":61,"column":10}},"61":{"start":{"line":62,"column":0},"end":{"line":62,"column":5}},"62":{"start":{"line":63,"column":0},"end":{"line":63,"column":1}}},"s":{"0":1,"1":1,"2":1,"3":1,"4":1,"5":1,"6":1,"7":3,"8":3,"9":3,"10":3,"11":3,"12":3,"13":3,"14":3,"15":3,"16":3,"17":3,"18":3,"19":3,"20":3,"21":3,"22":1,"23":1,"24":4,"25":4,"26":4,"27":3,"28":3,"29":4,"30":2,"31":2,"32":4,"33":4,"34":1,"35":1,"36":3,"37":3,"38":3,"39":3,"40":3,"41":1,"42":1,"43":3,"44":3,"45":3,"46":3,"47":1,"48":3,"49":1,"50":1,"51":4,"52":4,"53":4,"54":4,"55":4,"56":4,"57":4,"58":4,"59":3,"60":4,"61":4,"62":1},"branchMap":{"0":{"type":"branch","line":7,"loc":{"start":{"line":7,"column":4},"end":{"line":22,"column":5}},"locations":[{"start":{"line":7,"column":4},"end":{"line":22,"column":5}}]},"1":{"type":"branch","line":8,"loc":{"start":{"line":8,"column":30},"end":{"line":21,"column":9}},"locations":[{"start":{"line":8,"column":30},"end":{"line":21,"column":9}}]},"2":{"type":"branch","line":24,"loc":{"start":{"line":24,"column":4},"end":{"line":34,"column":5}},"locations":[{"start":{"line":24,"column":4},"end":{"line":34,"column":5}}]},"3":{"type":"branch","line":25,"loc":{"start":{"line":25,"column":30},"end":{"line":33,"column":9}},"locations":[{"start":{"line":25,"column":30},"end":{"line":33,"column":9}}]},"4":{"type":"branch","line":27,"loc":{"start":{"line":27,"column":26},"end":{"line":27,"column":33}},"locations":[{"start":{"line":27,"column":26},"end":{"line":27,"column":33}}]},"5":{"type":"branch","line":28,"loc":{"start":{"line":28,"column":-1},"end":{"line":30,"column":42}},"locations":[{"start":{"line":28,"column":-1},"end":{"line":30,"column":42}}]},"6":{"type":"branch","line":30,"loc":{"start":{"line":30,"column":42},"end":{"line":32,"column":13}},"locations":[{"start":{"line":30,"column":42},"end":{"line":32,"column":13}}]},"7":{"type":"branch","line":26,"loc":{"start":{"line":26,"column":50},"end":{"line":26,"column":76}},"locations":[{"start":{"line":26,"column":50},"end":{"line":26,"column":76}}]},"8":{"type":"branch","line":36,"loc":{"start":{"line":36,"column":4},"end":{"line":41,"column":5}},"locations":[{"start":{"line":36,"column":4},"end":{"line":41,"column":5}}]},"9":{"type":"branch","line":37,"loc":{"start":{"line":37,"column":30},"end":{"line":40,"column":9}},"locations":[{"start":{"line":37,"column":30},"end":{"line":40,"column":9}}]},"10":{"type":"branch","line":39,"loc":{"start":{"line":39,"column":48},"end":{"line":39,"column":52}},"locations":[{"start":{"line":39,"column":48},"end":{"line":39,"column":52}}]},"11":{"type":"branch","line":39,"loc":{"start":{"line":39,"column":53},"end":{"line":39,"column":59}},"locations":[{"start":{"line":39,"column":53},"end":{"line":39,"column":59}}]},"12":{"type":"branch","line":38,"loc":{"start":{"line":38,"column":54},"end":{"line":38,"column":80}},"locations":[{"start":{"line":38,"column":54},"end":{"line":38,"column":80}}]},"13":{"type":"branch","line":43,"loc":{"start":{"line":43,"column":4},"end":{"line":49,"column":5}},"locations":[{"start":{"line":43,"column":4},"end":{"line":49,"column":5}}]},"14":{"type":"branch","line":44,"loc":{"start":{"line":44,"column":42},"end":{"line":45,"column":57}},"locations":[{"start":{"line":44,"column":42},"end":{"line":45,"column":57}}]},"15":{"type":"branch","line":45,"loc":{"start":{"line":45,"column":57},"end":{"line":46,"column":70}},"locations":[{"start":{"line":45,"column":57},"end":{"line":46,"column":70}}]},"16":{"type":"branch","line":46,"loc":{"start":{"line":46,"column":70},"end":{"line":47,"column":69}},"locations":[{"start":{"line":46,"column":70},"end":{"line":47,"column":69}}]},"17":{"type":"branch","line":47,"loc":{"start":{"line":47,"column":69},"end":{"line":48,"column":92}},"locations":[{"start":{"line":47,"column":69},"end":{"line":48,"column":92}}]},"18":{"type":"branch","line":45,"loc":{"start":{"line":45,"column":32},"end":{"line":45,"column":56}},"locations":[{"start":{"line":45,"column":32},"end":{"line":45,"column":56}}]},"19":{"type":"branch","line":46,"loc":{"start":{"line":46,"column":32},"end":{"line":46,"column":69}},"locations":[{"start":{"line":46,"column":32},"end":{"line":46,"column":69}}]},"20":{"type":"branch","line":47,"loc":{"start":{"line":47,"column":32},"end":{"line":47,"column":68}},"locations":[{"start":{"line":47,"column":32},"end":{"line":47,"column":68}}]},"21":{"type":"branch","line":48,"loc":{"start":{"line":48,"column":32},"end":{"line":48,"column":91}},"locations":[{"start":{"line":48,"column":32},"end":{"line":48,"column":91}}]},"22":{"type":"branch","line":51,"loc":{"start":{"line":51,"column":4},"end":{"line":62,"column":5}},"locations":[{"start":{"line":51,"column":4},"end":{"line":62,"column":5}}]},"23":{"type":"branch","line":57,"loc":{"start":{"line":57,"column":30},"end":{"line":61,"column":9}},"locations":[{"start":{"line":57,"column":30},"end":{"line":61,"column":9}}]},"24":{"type":"branch","line":59,"loc":{"start":{"line":59,"column":25},"end":{"line":59,"column":32}},"locations":[{"start":{"line":59,"column":25},"end":{"line":59,"column":32}}]},"25":{"type":"branch","line":60,"loc":{"start":{"line":60,"column":-1},"end":{"line":61,"column":9}},"locations":[{"start":{"line":60,"column":-1},"end":{"line":61,"column":9}}]},"26":{"type":"branch","line":58,"loc":{"start":{"line":58,"column":46},"end":{"line":58,"column":72}},"locations":[{"start":{"line":58,"column":46},"end":{"line":58,"column":72}}]}},"b":{"0":[3],"1":[3],"2":[4],"3":[4],"4":[1],"5":[3],"6":[2],"7":[3],"8":[3],"9":[3],"10":[2],"11":[1],"12":[3],"13":[3],"14":[2],"15":[1],"16":[1],"17":[1],"18":[3],"19":[2],"20":[2],"21":[2],"22":[4],"23":[4],"24":[1],"25":[3],"26":[4]},"fnMap":{"0":{"name":"addPlayer","decl":{"start":{"line":7,"column":4},"end":{"line":22,"column":5}},"loc":{"start":{"line":7,"column":4},"end":{"line":22,"column":5}},"line":7},"1":{"name":"removePlayer","decl":{"start":{"line":24,"column":4},"end":{"line":34,"column":5}},"loc":{"start":{"line":24,"column":4},"end":{"line":34,"column":5}},"line":24},"2":{"name":"changeTeamLeader","decl":{"start":{"line":36,"column":4},"end":{"line":41,"column":5}},"loc":{"start":{"line":36,"column":4},"end":{"line":41,"column":5}},"line":36},"3":{"name":"isSubmittable","decl":{"start":{"line":43,"column":4},"end":{"line":49,"column":5}},"loc":{"start":{"line":43,"column":4},"end":{"line":49,"column":5}},"line":43},"4":{"name":"updatePlayer","decl":{"start":{"line":51,"column":4},"end":{"line":62,"column":5}},"loc":{"start":{"line":51,"column":4},"end":{"line":62,"column":5}},"line":51}},"f":{"0":3,"1":4,"2":3,"3":3,"4":4}}
,"/Volumes/backup/Organismes/3WA_Groupe/CDA33AB/squadforge_starter/src/modules/game/core/form/stuff-form.ts": {"path":"/Volumes/backup/Organismes/3WA_Groupe/CDA33AB/squadforge_starter/src/modules/game/core/form/stuff-form.ts","all":false,"statementMap":{"0":{"start":{"line":1,"column":0},"end":{"line":1,"column":32}},"1":{"start":{"line":2,"column":0},"end":{"line":2,"column":48}},"2":{"start":{"line":3,"column":0},"end":{"line":3,"column":0}},"3":{"start":{"line":4,"column":0},"end":{"line":4,"column":24}},"4":{"start":{"line":5,"column":0},"end":{"line":5,"column":76}},"5":{"start":{"line":6,"column":0},"end":{"line":6,"column":34}},"6":{"start":{"line":7,"column":0},"end":{"line":7,"column":5}},"7":{"start":{"line":8,"column":0},"end":{"line":8,"column":0}},"8":{"start":{"line":9,"column":0},"end":{"line":9,"column":79}},"9":{"start":{"line":10,"column":0},"end":{"line":10,"column":49}},"10":{"start":{"line":11,"column":0},"end":{"line":11,"column":5}},"11":{"start":{"line":12,"column":0},"end":{"line":12,"column":0}},"12":{"start":{"line":13,"column":0},"end":{"line":13,"column":79}},"13":{"start":{"line":14,"column":0},"end":{"line":14,"column":39}},"14":{"start":{"line":15,"column":0},"end":{"line":15,"column":15}},"15":{"start":{"line":16,"column":0},"end":{"line":16,"column":72}},"16":{"start":{"line":17,"column":0},"end":{"line":17,"column":52}},"17":{"start":{"line":18,"column":0},"end":{"line":18,"column":15}},"18":{"start":{"line":19,"column":0},"end":{"line":19,"column":28}},"19":{"start":{"line":20,"column":0},"end":{"line":20,"column":13}},"20":{"start":{"line":21,"column":0},"end":{"line":21,"column":23}},"21":{"start":{"line":22,"column":0},"end":{"line":22,"column":10}},"22":{"start":{"line":23,"column":0},"end":{"line":23,"column":5}},"23":{"start":{"line":24,"column":0},"end":{"line":24,"column":0}},"24":{"start":{"line":25,"column":0},"end":{"line":25,"column":79}},"25":{"start":{"line":26,"column":0},"end":{"line":26,"column":39}},"26":{"start":{"line":27,"column":0},"end":{"line":27,"column":15}},"27":{"start":{"line":28,"column":0},"end":{"line":28,"column":72}},"28":{"start":{"line":29,"column":0},"end":{"line":29,"column":52}},"29":{"start":{"line":30,"column":0},"end":{"line":30,"column":15}},"30":{"start":{"line":31,"column":0},"end":{"line":31,"column":28}},"31":{"start":{"line":32,"column":0},"end":{"line":32,"column":13}},"32":{"start":{"line":33,"column":0},"end":{"line":33,"column":23}},"33":{"start":{"line":34,"column":0},"end":{"line":34,"column":10}},"34":{"start":{"line":35,"column":0},"end":{"line":35,"column":5}},"35":{"start":{"line":36,"column":0},"end":{"line":36,"column":0}},"36":{"start":{"line":37,"column":0},"end":{"line":37,"column":78}},"37":{"start":{"line":38,"column":0},"end":{"line":38,"column":39}},"38":{"start":{"line":39,"column":0},"end":{"line":39,"column":15}},"39":{"start":{"line":40,"column":0},"end":{"line":40,"column":71}},"40":{"start":{"line":41,"column":0},"end":{"line":41,"column":52}},"41":{"start":{"line":42,"column":0},"end":{"line":42,"column":15}},"42":{"start":{"line":43,"column":0},"end":{"line":43,"column":28}},"43":{"start":{"line":44,"column":0},"end":{"line":44,"column":13}},"44":{"start":{"line":45,"column":0},"end":{"line":45,"column":23}},"45":{"start":{"line":46,"column":0},"end":{"line":46,"column":10}},"46":{"start":{"line":47,"column":0},"end":{"line":47,"column":5}},"47":{"start":{"line":48,"column":0},"end":{"line":48,"column":0}},"48":{"start":{"line":49,"column":0},"end":{"line":49,"column":94}},"49":{"start":{"line":50,"column":0},"end":{"line":50,"column":39}},"50":{"start":{"line":51,"column":0},"end":{"line":51,"column":79}},"51":{"start":{"line":52,"column":0},"end":{"line":52,"column":31}},"52":{"start":{"line":53,"column":0},"end":{"line":53,"column":42}},"53":{"start":{"line":54,"column":0},"end":{"line":54,"column":10}},"54":{"start":{"line":55,"column":0},"end":{"line":55,"column":5}},"55":{"start":{"line":56,"column":0},"end":{"line":56,"column":1}}},"s":{"0":1,"1":1,"2":1,"3":1,"4":1,"5":36,"6":36,"7":1,"8":1,"9":12,"10":12,"11":1,"12":1,"13":3,"14":12,"15":12,"16":4,"17":12,"18":10,"19":10,"20":2,"21":3,"22":3,"23":1,"24":1,"25":3,"26":12,"27":12,"28":4,"29":12,"30":10,"31":10,"32":2,"33":3,"34":3,"35":1,"36":1,"37":3,"38":12,"39":12,"40":4,"41":12,"42":10,"43":10,"44":2,"45":3,"46":3,"47":1,"48":1,"49":3,"50":3,"51":3,"52":2,"53":3,"54":3,"55":1},"branchMap":{"0":{"type":"branch","line":5,"loc":{"start":{"line":5,"column":12},"end":{"line":7,"column":5}},"locations":[{"start":{"line":5,"column":12},"end":{"line":7,"column":5}}]},"1":{"type":"branch","line":9,"loc":{"start":{"line":9,"column":12},"end":{"line":11,"column":5}},"locations":[{"start":{"line":9,"column":12},"end":{"line":11,"column":5}}]},"2":{"type":"branch","line":13,"loc":{"start":{"line":13,"column":4},"end":{"line":23,"column":5}},"locations":[{"start":{"line":13,"column":4},"end":{"line":23,"column":5}}]},"3":{"type":"branch","line":14,"loc":{"start":{"line":14,"column":29},"end":{"line":22,"column":9}},"locations":[{"start":{"line":14,"column":29},"end":{"line":22,"column":9}}]},"4":{"type":"branch","line":16,"loc":{"start":{"line":16,"column":68},"end":{"line":17,"column":52}},"locations":[{"start":{"line":16,"column":68},"end":{"line":17,"column":52}}]},"5":{"type":"branch","line":18,"loc":{"start":{"line":18,"column":14},"end":{"line":20,"column":13}},"locations":[{"start":{"line":18,"column":14},"end":{"line":20,"column":13}}]},"6":{"type":"branch","line":21,"loc":{"start":{"line":21,"column":-1},"end":{"line":22,"column":9}},"locations":[{"start":{"line":21,"column":-1},"end":{"line":22,"column":9}}]},"7":{"type":"branch","line":25,"loc":{"start":{"line":25,"column":4},"end":{"line":35,"column":5}},"locations":[{"start":{"line":25,"column":4},"end":{"line":35,"column":5}}]},"8":{"type":"branch","line":26,"loc":{"start":{"line":26,"column":29},"end":{"line":34,"column":9}},"locations":[{"start":{"line":26,"column":29},"end":{"line":34,"column":9}}]},"9":{"type":"branch","line":28,"loc":{"start":{"line":28,"column":68},"end":{"line":29,"column":52}},"locations":[{"start":{"line":28,"column":68},"end":{"line":29,"column":52}}]},"10":{"type":"branch","line":30,"loc":{"start":{"line":30,"column":14},"end":{"line":32,"column":13}},"locations":[{"start":{"line":30,"column":14},"end":{"line":32,"column":13}}]},"11":{"type":"branch","line":33,"loc":{"start":{"line":33,"column":-1},"end":{"line":34,"column":9}},"locations":[{"start":{"line":33,"column":-1},"end":{"line":34,"column":9}}]},"12":{"type":"branch","line":37,"loc":{"start":{"line":37,"column":4},"end":{"line":47,"column":5}},"locations":[{"start":{"line":37,"column":4},"end":{"line":47,"column":5}}]},"13":{"type":"branch","line":38,"loc":{"start":{"line":38,"column":29},"end":{"line":46,"column":9}},"locations":[{"start":{"line":38,"column":29},"end":{"line":46,"column":9}}]},"14":{"type":"branch","line":40,"loc":{"start":{"line":40,"column":67},"end":{"line":41,"column":52}},"locations":[{"start":{"line":40,"column":67},"end":{"line":41,"column":52}}]},"15":{"type":"branch","line":42,"loc":{"start":{"line":42,"column":14},"end":{"line":44,"column":13}},"locations":[{"start":{"line":42,"column":14},"end":{"line":44,"column":13}}]},"16":{"type":"branch","line":45,"loc":{"start":{"line":45,"column":-1},"end":{"line":46,"column":9}},"locations":[{"start":{"line":45,"column":-1},"end":{"line":46,"column":9}}]},"17":{"type":"branch","line":49,"loc":{"start":{"line":49,"column":4},"end":{"line":55,"column":5}},"locations":[{"start":{"line":49,"column":4},"end":{"line":55,"column":5}}]},"18":{"type":"branch","line":50,"loc":{"start":{"line":50,"column":29},"end":{"line":54,"column":9}},"locations":[{"start":{"line":50,"column":29},"end":{"line":54,"column":9}}]},"19":{"type":"branch","line":52,"loc":{"start":{"line":52,"column":24},"end":{"line":52,"column":31}},"locations":[{"start":{"line":52,"column":24},"end":{"line":52,"column":31}}]},"20":{"type":"branch","line":53,"loc":{"start":{"line":53,"column":-1},"end":{"line":54,"column":9}},"locations":[{"start":{"line":53,"column":-1},"end":{"line":54,"column":9}}]},"21":{"type":"branch","line":51,"loc":{"start":{"line":51,"column":46},"end":{"line":51,"column":78}},"locations":[{"start":{"line":51,"column":46},"end":{"line":51,"column":78}}]}},"b":{"0":[36],"1":[12],"2":[3],"3":[12],"4":[4],"5":[10],"6":[2],"7":[3],"8":[12],"9":[4],"10":[10],"11":[2],"12":[3],"13":[12],"14":[4],"15":[10],"16":[2],"17":[3],"18":[3],"19":[1],"20":[2],"21":[4]},"fnMap":{"0":{"name":"isStuffType","decl":{"start":{"line":5,"column":12},"end":{"line":7,"column":5}},"loc":{"start":{"line":5,"column":12},"end":{"line":7,"column":5}},"line":5},"1":{"name":"hasRequiredRole","decl":{"start":{"line":9,"column":12},"end":{"line":11,"column":5}},"loc":{"start":{"line":9,"column":12},"end":{"line":11,"column":5}},"line":9},"2":{"name":"getSelectableWeapons","decl":{"start":{"line":13,"column":4},"end":{"line":23,"column":5}},"loc":{"start":{"line":13,"column":4},"end":{"line":23,"column":5}},"line":13},"3":{"name":"getSelectableGadgets","decl":{"start":{"line":25,"column":4},"end":{"line":35,"column":5}},"loc":{"start":{"line":25,"column":4},"end":{"line":35,"column":5}},"line":25},"4":{"name":"getSelectableSkills","decl":{"start":{"line":37,"column":4},"end":{"line":47,"column":5}},"loc":{"start":{"line":37,"column":4},"end":{"line":47,"column":5}},"line":37},"5":{"name":"assignWeapon","decl":{"start":{"line":49,"column":4},"end":{"line":55,"column":5}},"loc":{"start":{"line":49,"column":4},"end":{"line":55,"column":5}},"line":49}},"f":{"0":36,"1":12,"2":3,"3":3,"4":3,"5":3}}
,"/Volumes/backup/Organismes/3WA_Groupe/CDA33AB/squadforge_starter/src/modules/game/core/listeners/fetcher.listener.ts": {"path":"/Volumes/backup/Organismes/3WA_Groupe/CDA33AB/squadforge_starter/src/modules/game/core/listeners/fetcher.listener.ts","all":false,"statementMap":{"0":{"start":{"line":1,"column":0},"end":{"line":1,"column":62}},"1":{"start":{"line":2,"column":0},"end":{"line":2,"column":48}},"2":{"start":{"line":3,"column":0},"end":{"line":3,"column":48}},"3":{"start":{"line":4,"column":0},"end":{"line":4,"column":73}},"4":{"start":{"line":5,"column":0},"end":{"line":5,"column":0}},"5":{"start":{"line":6,"column":0},"end":{"line":6,"column":83}},"6":{"start":{"line":7,"column":0},"end":{"line":7,"column":29}},"7":{"start":{"line":8,"column":0},"end":{"line":8,"column":49}},"8":{"start":{"line":9,"column":0},"end":{"line":9,"column":35}},"9":{"start":{"line":10,"column":0},"end":{"line":10,"column":36}},"10":{"start":{"line":11,"column":0},"end":{"line":11,"column":47}},"11":{"start":{"line":12,"column":0},"end":{"line":12,"column":59}},"12":{"start":{"line":13,"column":0},"end":{"line":13,"column":26}},"13":{"start":{"line":14,"column":0},"end":{"line":14,"column":13}},"14":{"start":{"line":15,"column":0},"end":{"line":15,"column":9}},"15":{"start":{"line":16,"column":0},"end":{"line":16,"column":6}},"16":{"start":{"line":17,"column":0},"end":{"line":17,"column":1}}},"s":{"0":1,"1":1,"2":1,"3":1,"4":1,"5":1,"6":8,"7":8,"8":8,"9":2,"10":2,"11":1,"12":1,"13":2,"14":2,"15":8,"16":8},"branchMap":{"0":{"type":"branch","line":6,"loc":{"start":{"line":6,"column":40},"end":{"line":17,"column":1}},"locations":[{"start":{"line":6,"column":40},"end":{"line":17,"column":1}}]},"1":{"type":"branch","line":9,"loc":{"start":{"line":9,"column":17},"end":{"line":15,"column":9}},"locations":[{"start":{"line":9,"column":17},"end":{"line":15,"column":9}}]},"2":{"type":"branch","line":11,"loc":{"start":{"line":11,"column":16},"end":{"line":13,"column":26}},"locations":[{"start":{"line":11,"column":16},"end":{"line":13,"column":26}}]}},"b":{"0":[8],"1":[2],"2":[1]},"fnMap":{"0":{"name":"registerFetcherListeners","decl":{"start":{"line":6,"column":40},"end":{"line":17,"column":1}},"loc":{"start":{"line":6,"column":40},"end":{"line":17,"column":1}},"line":6},"1":{"name":"effect","decl":{"start":{"line":9,"column":17},"end":{"line":15,"column":9}},"loc":{"start":{"line":9,"column":17},"end":{"line":15,"column":9}},"line":9}},"f":{"0":8,"1":2}}
,"/Volumes/backup/Organismes/3WA_Groupe/CDA33AB/squadforge_starter/src/modules/game/core/listeners/game-step.listener.ts": {"path":"/Volumes/backup/Organismes/3WA_Groupe/CDA33AB/squadforge_starter/src/modules/game/core/listeners/game-step.listener.ts","all":false,"statementMap":{"0":{"start":{"line":1,"column":0},"end":{"line":1,"column":62}},"1":{"start":{"line":2,"column":0},"end":{"line":2,"column":48}},"2":{"start":{"line":3,"column":0},"end":{"line":3,"column":48}},"3":{"start":{"line":4,"column":0},"end":{"line":4,"column":0}},"4":{"start":{"line":5,"column":0},"end":{"line":5,"column":83}},"5":{"start":{"line":6,"column":0},"end":{"line":6,"column":29}},"6":{"start":{"line":7,"column":0},"end":{"line":7,"column":55}},"7":{"start":{"line":8,"column":0},"end":{"line":8,"column":29}},"8":{"start":{"line":9,"column":0},"end":{"line":9,"column":78}},"9":{"start":{"line":10,"column":0},"end":{"line":10,"column":9}},"10":{"start":{"line":11,"column":0},"end":{"line":11,"column":6}},"11":{"start":{"line":12,"column":0},"end":{"line":12,"column":0}},"12":{"start":{"line":13,"column":0},"end":{"line":13,"column":29}},"13":{"start":{"line":14,"column":0},"end":{"line":14,"column":59}},"14":{"start":{"line":15,"column":0},"end":{"line":15,"column":29}},"15":{"start":{"line":16,"column":0},"end":{"line":16,"column":75}},"16":{"start":{"line":17,"column":0},"end":{"line":17,"column":9}},"17":{"start":{"line":18,"column":0},"end":{"line":18,"column":6}},"18":{"start":{"line":19,"column":0},"end":{"line":19,"column":1}}},"s":{"0":1,"1":1,"2":1,"3":1,"4":1,"5":8,"6":8,"7":8,"8":1,"9":1,"10":8,"11":8,"12":8,"13":8,"14":8,"15":1,"16":1,"17":8,"18":8},"branchMap":{"0":{"type":"branch","line":5,"loc":{"start":{"line":5,"column":40},"end":{"line":19,"column":1}},"locations":[{"start":{"line":5,"column":40},"end":{"line":19,"column":1}}]},"1":{"type":"branch","line":8,"loc":{"start":{"line":8,"column":16},"end":{"line":10,"column":9}},"locations":[{"start":{"line":8,"column":16},"end":{"line":10,"column":9}}]},"2":{"type":"branch","line":15,"loc":{"start":{"line":15,"column":16},"end":{"line":17,"column":9}},"locations":[{"start":{"line":15,"column":16},"end":{"line":17,"column":9}}]}},"b":{"0":[8],"1":[1],"2":[1]},"fnMap":{"0":{"name":"registerGameStepListener","decl":{"start":{"line":5,"column":40},"end":{"line":19,"column":1}},"loc":{"start":{"line":5,"column":40},"end":{"line":19,"column":1}},"line":5},"1":{"name":"effect","decl":{"start":{"line":8,"column":16},"end":{"line":10,"column":9}},"loc":{"start":{"line":8,"column":16},"end":{"line":10,"column":9}},"line":8},"2":{"name":"effect","decl":{"start":{"line":15,"column":16},"end":{"line":17,"column":9}},"loc":{"start":{"line":15,"column":16},"end":{"line":17,"column":9}},"line":15}},"f":{"0":8,"1":1,"2":1}}
,"/Volumes/backup/Organismes/3WA_Groupe/CDA33AB/squadforge_starter/src/modules/game/core/model/battlefield-factory.ts": {"path":"/Volumes/backup/Organismes/3WA_Groupe/CDA33AB/squadforge_starter/src/modules/game/core/model/battlefield-factory.ts","all":false,"statementMap":{"0":{"start":{"line":1,"column":0},"end":{"line":1,"column":41}},"1":{"start":{"line":2,"column":0},"end":{"line":2,"column":0}},"2":{"start":{"line":3,"column":0},"end":{"line":3,"column":33}},"3":{"start":{"line":4,"column":0},"end":{"line":4,"column":49}},"4":{"start":{"line":5,"column":0},"end":{"line":5,"column":16}},"5":{"start":{"line":6,"column":0},"end":{"line":6,"column":20}},"6":{"start":{"line":7,"column":0},"end":{"line":7,"column":35}},"7":{"start":{"line":8,"column":0},"end":{"line":8,"column":27}},"8":{"start":{"line":9,"column":0},"end":{"line":9,"column":19}},"9":{"start":{"line":10,"column":0},"end":{"line":10,"column":9}},"10":{"start":{"line":11,"column":0},"end":{"line":11,"column":5}},"11":{"start":{"line":12,"column":0},"end":{"line":12,"column":1}}},"s":{"0":1,"1":1,"2":1,"3":1,"4":1,"5":1,"6":1,"7":1,"8":1,"9":1,"10":1,"11":1},"branchMap":{"0":{"type":"branch","line":4,"loc":{"start":{"line":4,"column":11},"end":{"line":11,"column":5}},"locations":[{"start":{"line":4,"column":11},"end":{"line":11,"column":5}}]}},"b":{"0":[1]},"fnMap":{"0":{"name":"create","decl":{"start":{"line":4,"column":11},"end":{"line":11,"column":5}},"loc":{"start":{"line":4,"column":11},"end":{"line":11,"column":5}},"line":4}},"f":{"0":1}}
,"/Volumes/backup/Organismes/3WA_Groupe/CDA33AB/squadforge_starter/src/modules/game/core/model/game.model.ts": {"path":"/Volumes/backup/Organismes/3WA_Groupe/CDA33AB/squadforge_starter/src/modules/game/core/model/game.model.ts","all":false,"statementMap":{"0":{"start":{"line":1,"column":0},"end":{"line":1,"column":28}},"1":{"start":{"line":2,"column":0},"end":{"line":2,"column":22}},"2":{"start":{"line":3,"column":0},"end":{"line":3,"column":20}},"3":{"start":{"line":4,"column":0},"end":{"line":4,"column":23}},"4":{"start":{"line":5,"column":0},"end":{"line":5,"column":20}},"5":{"start":{"line":6,"column":0},"end":{"line":6,"column":20}},"6":{"start":{"line":7,"column":0},"end":{"line":7,"column":19}},"7":{"start":{"line":8,"column":0},"end":{"line":8,"column":5}},"8":{"start":{"line":9,"column":0},"end":{"line":9,"column":0}},"9":{"start":{"line":10,"column":0},"end":{"line":10,"column":33}},"10":{"start":{"line":11,"column":0},"end":{"line":11,"column":0}},"11":{"start":{"line":12,"column":0},"end":{"line":12,"column":27}},"12":{"start":{"line":13,"column":0},"end":{"line":13,"column":26}},"13":{"start":{"line":14,"column":0},"end":{"line":14,"column":26}},"14":{"start":{"line":15,"column":0},"end":{"line":15,"column":23}},"15":{"start":{"line":16,"column":0},"end":{"line":16,"column":5}},"16":{"start":{"line":17,"column":0},"end":{"line":17,"column":0}},"17":{"start":{"line":18,"column":0},"end":{"line":18,"column":25}},"18":{"start":{"line":19,"column":0},"end":{"line":19,"column":18}},"19":{"start":{"line":20,"column":0},"end":{"line":20,"column":21}},"20":{"start":{"line":21,"column":0},"end":{"line":21,"column":23}},"21":{"start":{"line":22,"column":0},"end":{"line":22,"column":33}},"22":{"start":{"line":23,"column":0},"end":{"line":23,"column":5}},"23":{"start":{"line":24,"column":0},"end":{"line":24,"column":0}},"24":{"start":{"line":25,"column":0},"end":{"line":25,"column":31}},"25":{"start":{"line":26,"column":0},"end":{"line":26,"column":18}},"26":{"start":{"line":27,"column":0},"end":{"line":27,"column":21}},"27":{"start":{"line":28,"column":0},"end":{"line":28,"column":26}},"28":{"start":{"line":29,"column":0},"end":{"line":29,"column":5}},"29":{"start":{"line":30,"column":0},"end":{"line":30,"column":0}},"30":{"start":{"line":31,"column":0},"end":{"line":31,"column":22}},"31":{"start":{"line":32,"column":0},"end":{"line":32,"column":65}},"32":{"start":{"line":33,"column":0},"end":{"line":33,"column":28}},"33":{"start":{"line":34,"column":0},"end":{"line":34,"column":31}},"34":{"start":{"line":35,"column":0},"end":{"line":35,"column":5}},"35":{"start":{"line":36,"column":0},"end":{"line":36,"column":0}},"36":{"start":{"line":37,"column":0},"end":{"line":37,"column":26}},"37":{"start":{"line":38,"column":0},"end":{"line":38,"column":18}},"38":{"start":{"line":39,"column":0},"end":{"line":39,"column":25}},"39":{"start":{"line":40,"column":0},"end":{"line":40,"column":24}},"40":{"start":{"line":41,"column":0},"end":{"line":41,"column":19}},"41":{"start":{"line":42,"column":0},"end":{"line":42,"column":25}},"42":{"start":{"line":43,"column":0},"end":{"line":43,"column":16}},"43":{"start":{"line":44,"column":0},"end":{"line":44,"column":34}},"44":{"start":{"line":45,"column":0},"end":{"line":45,"column":34}},"45":{"start":{"line":46,"column":0},"end":{"line":46,"column":33}},"46":{"start":{"line":47,"column":0},"end":{"line":47,"column":10}},"47":{"start":{"line":48,"column":0},"end":{"line":48,"column":5}},"48":{"start":{"line":49,"column":0},"end":{"line":49,"column":0}},"49":{"start":{"line":50,"column":0},"end":{"line":50,"column":24}},"50":{"start":{"line":51,"column":0},"end":{"line":51,"column":26}},"51":{"start":{"line":52,"column":0},"end":{"line":52,"column":36}},"52":{"start":{"line":53,"column":0},"end":{"line":53,"column":36}},"53":{"start":{"line":54,"column":0},"end":{"line":54,"column":5}},"54":{"start":{"line":55,"column":0},"end":{"line":55,"column":1}}},"s":{"0":4,"1":4,"2":4,"3":4,"4":4,"5":4,"6":4,"7":4,"8":4,"9":4,"10":4,"11":4,"12":4,"13":4,"14":4,"15":4,"16":4,"17":4,"18":4,"19":4,"20":4,"21":4,"22":4,"23":4,"24":4,"25":4,"26":4,"27":4,"28":4,"29":4,"30":4,"31":4,"32":4,"33":4,"34":4,"35":4,"36":4,"37":4,"38":4,"39":4,"40":4,"41":4,"42":4,"43":4,"44":4,"45":4,"46":4,"47":4,"48":4,"49":4,"50":4,"51":4,"52":4,"53":4,"54":4},"branchMap":{"0":{"type":"branch","line":1,"loc":{"start":{"line":1,"column":0},"end":{"line":55,"column":1}},"locations":[{"start":{"line":1,"column":0},"end":{"line":55,"column":1}}]},"1":{"type":"branch","line":2,"loc":{"start":{"line":2,"column":4},"end":{"line":8,"column":5}},"locations":[{"start":{"line":2,"column":4},"end":{"line":8,"column":5}}]},"2":{"type":"branch","line":12,"loc":{"start":{"line":12,"column":4},"end":{"line":16,"column":5}},"locations":[{"start":{"line":12,"column":4},"end":{"line":16,"column":5}}]},"3":{"type":"branch","line":31,"loc":{"start":{"line":31,"column":4},"end":{"line":35,"column":5}},"locations":[{"start":{"line":31,"column":4},"end":{"line":35,"column":5}}]}},"b":{"0":[4],"1":[4],"2":[4],"3":[4]},"fnMap":{},"f":{}}
,"/Volumes/backup/Organismes/3WA_Groupe/CDA33AB/squadforge_starter/src/modules/game/core/model/player-factory.ts": {"path":"/Volumes/backup/Organismes/3WA_Groupe/CDA33AB/squadforge_starter/src/modules/game/core/model/player-factory.ts","all":false,"statementMap":{"0":{"start":{"line":1,"column":0},"end":{"line":1,"column":41}},"1":{"start":{"line":2,"column":0},"end":{"line":2,"column":0}},"2":{"start":{"line":3,"column":0},"end":{"line":3,"column":28}},"3":{"start":{"line":4,"column":0},"end":{"line":4,"column":72}},"4":{"start":{"line":5,"column":0},"end":{"line":5,"column":16}},"5":{"start":{"line":6,"column":0},"end":{"line":6,"column":19}},"6":{"start":{"line":7,"column":0},"end":{"line":7,"column":26}},"7":{"start":{"line":8,"column":0},"end":{"line":8,"column":25}},"8":{"start":{"line":9,"column":0},"end":{"line":9,"column":20}},"9":{"start":{"line":10,"column":0},"end":{"line":10,"column":23}},"10":{"start":{"line":11,"column":0},"end":{"line":11,"column":20}},"11":{"start":{"line":12,"column":0},"end":{"line":12,"column":29}},"12":{"start":{"line":13,"column":0},"end":{"line":13,"column":29}},"13":{"start":{"line":14,"column":0},"end":{"line":14,"column":27}},"14":{"start":{"line":15,"column":0},"end":{"line":15,"column":14}},"15":{"start":{"line":16,"column":0},"end":{"line":16,"column":19}},"16":{"start":{"line":17,"column":0},"end":{"line":17,"column":9}},"17":{"start":{"line":18,"column":0},"end":{"line":18,"column":5}},"18":{"start":{"line":19,"column":0},"end":{"line":19,"column":1}}},"s":{"0":1,"1":1,"2":1,"3":1,"4":3,"5":3,"6":3,"7":3,"8":3,"9":3,"10":3,"11":3,"12":3,"13":3,"14":3,"15":3,"16":3,"17":3,"18":1},"branchMap":{"0":{"type":"branch","line":4,"loc":{"start":{"line":4,"column":11},"end":{"line":18,"column":5}},"locations":[{"start":{"line":4,"column":11},"end":{"line":18,"column":5}}]}},"b":{"0":[3]},"fnMap":{"0":{"name":"create","decl":{"start":{"line":4,"column":11},"end":{"line":18,"column":5}},"loc":{"start":{"line":4,"column":11},"end":{"line":18,"column":5}},"line":4}},"f":{"0":3}}
,"/Volumes/backup/Organismes/3WA_Groupe/CDA33AB/squadforge_starter/src/modules/game/core/model/stuff-factory.ts": {"path":"/Volumes/backup/Organismes/3WA_Groupe/CDA33AB/squadforge_starter/src/modules/game/core/model/stuff-factory.ts","all":false,"statementMap":{"0":{"start":{"line":1,"column":0},"end":{"line":1,"column":41}},"1":{"start":{"line":2,"column":0},"end":{"line":2,"column":0}},"2":{"start":{"line":3,"column":0},"end":{"line":3,"column":27}},"3":{"start":{"line":4,"column":0},"end":{"line":4,"column":70}},"4":{"start":{"line":5,"column":0},"end":{"line":5,"column":16}},"5":{"start":{"line":6,"column":0},"end":{"line":6,"column":20}},"6":{"start":{"line":7,"column":0},"end":{"line":7,"column":41}},"7":{"start":{"line":8,"column":0},"end":{"line":8,"column":45}},"8":{"start":{"line":9,"column":0},"end":{"line":9,"column":48}},"9":{"start":{"line":10,"column":0},"end":{"line":10,"column":19}},"10":{"start":{"line":11,"column":0},"end":{"line":11,"column":9}},"11":{"start":{"line":12,"column":0},"end":{"line":12,"column":5}},"12":{"start":{"line":13,"column":0},"end":{"line":13,"column":1}}},"s":{"0":1,"1":1,"2":1,"3":1,"4":6,"5":6,"6":6,"7":6,"8":6,"9":6,"10":6,"11":6,"12":1},"branchMap":{"0":{"type":"branch","line":4,"loc":{"start":{"line":4,"column":11},"end":{"line":12,"column":5}},"locations":[{"start":{"line":4,"column":11},"end":{"line":12,"column":5}}]}},"b":{"0":[6]},"fnMap":{"0":{"name":"create","decl":{"start":{"line":4,"column":11},"end":{"line":12,"column":5}},"loc":{"start":{"line":4,"column":11},"end":{"line":12,"column":5}},"line":4}},"f":{"0":6}}
,"/Volumes/backup/Organismes/3WA_Groupe/CDA33AB/squadforge_starter/src/modules/game/core/store/game.slice.ts": {"path":"/Volumes/backup/Organismes/3WA_Groupe/CDA33AB/squadforge_starter/src/modules/game/core/store/game.slice.ts","all":false,"statementMap":{"0":{"start":{"line":1,"column":0},"end":{"line":1,"column":61}},"1":{"start":{"line":2,"column":0},"end":{"line":2,"column":47}},"2":{"start":{"line":3,"column":0},"end":{"line":3,"column":0}},"3":{"start":{"line":4,"column":0},"end":{"line":4,"column":25}},"4":{"start":{"line":5,"column":0},"end":{"line":5,"column":24}},"5":{"start":{"line":6,"column":0},"end":{"line":6,"column":24}},"6":{"start":{"line":7,"column":0},"end":{"line":7,"column":28}},"7":{"start":{"line":8,"column":0},"end":{"line":8,"column":57}},"8":{"start":{"line":9,"column":0},"end":{"line":9,"column":29}},"9":{"start":{"line":10,"column":0},"end":{"line":10,"column":37}},"10":{"start":{"line":11,"column":0},"end":{"line":11,"column":5}},"11":{"start":{"line":12,"column":0},"end":{"line":12,"column":1}},"12":{"start":{"line":13,"column":0},"end":{"line":13,"column":0}},"13":{"start":{"line":14,"column":0},"end":{"line":14,"column":33}},"14":{"start":{"line":15,"column":0},"end":{"line":15,"column":33}},"15":{"start":{"line":16,"column":0},"end":{"line":16,"column":11}},"16":{"start":{"line":17,"column":0},"end":{"line":17,"column":20}},"17":{"start":{"line":18,"column":0},"end":{"line":18,"column":27}},"18":{"start":{"line":19,"column":0},"end":{"line":19,"column":27}},"19":{"start":{"line":20,"column":0},"end":{"line":20,"column":6}},"20":{"start":{"line":21,"column":0},"end":{"line":21,"column":28}},"21":{"start":{"line":22,"column":0},"end":{"line":22,"column":23}},"22":{"start":{"line":23,"column":0},"end":{"line":23,"column":16}},"23":{"start":{"line":24,"column":0},"end":{"line":24,"column":5}},"24":{"start":{"line":25,"column":0},"end":{"line":25,"column":1}},"25":{"start":{"line":26,"column":0},"end":{"line":26,"column":0}},"26":{"start":{"line":27,"column":0},"end":{"line":27,"column":38}},"27":{"start":{"line":28,"column":0},"end":{"line":28,"column":17}},"28":{"start":{"line":29,"column":0},"end":{"line":29,"column":17}},"29":{"start":{"line":30,"column":0},"end":{"line":30,"column":15}},"30":{"start":{"line":31,"column":0},"end":{"line":31,"column":68}},"31":{"start":{"line":32,"column":0},"end":{"line":32,"column":39}},"32":{"start":{"line":33,"column":0},"end":{"line":33,"column":10}},"33":{"start":{"line":34,"column":0},"end":{"line":34,"column":74}},"34":{"start":{"line":35,"column":0},"end":{"line":35,"column":40}},"35":{"start":{"line":36,"column":0},"end":{"line":36,"column":10}},"36":{"start":{"line":37,"column":0},"end":{"line":37,"column":47}},"37":{"start":{"line":38,"column":0},"end":{"line":38,"column":58}},"38":{"start":{"line":39,"column":0},"end":{"line":39,"column":10}},"39":{"start":{"line":40,"column":0},"end":{"line":40,"column":82}},"40":{"start":{"line":41,"column":0},"end":{"line":41,"column":57}},"41":{"start":{"line":42,"column":0},"end":{"line":42,"column":62}},"42":{"start":{"line":43,"column":0},"end":{"line":43,"column":10}},"43":{"start":{"line":44,"column":0},"end":{"line":44,"column":87}},"44":{"start":{"line":45,"column":0},"end":{"line":45,"column":62}},"45":{"start":{"line":46,"column":0},"end":{"line":46,"column":58}},"46":{"start":{"line":47,"column":0},"end":{"line":47,"column":10}},"47":{"start":{"line":48,"column":0},"end":{"line":48,"column":70}},"48":{"start":{"line":49,"column":0},"end":{"line":49,"column":53}},"49":{"start":{"line":50,"column":0},"end":{"line":50,"column":9}},"50":{"start":{"line":51,"column":0},"end":{"line":51,"column":5}},"51":{"start":{"line":52,"column":0},"end":{"line":52,"column":2}},"52":{"start":{"line":53,"column":0},"end":{"line":53,"column":0}},"53":{"start":{"line":54,"column":0},"end":{"line":54,"column":45}},"54":{"start":{"line":55,"column":0},"end":{"line":55,"column":45}}},"s":{"0":1,"1":1,"2":1,"3":1,"4":1,"5":1,"6":1,"7":1,"8":1,"9":1,"10":1,"11":1,"12":1,"13":1,"14":1,"15":1,"16":1,"17":1,"18":1,"19":1,"20":1,"21":1,"22":1,"23":1,"24":1,"25":1,"26":1,"27":1,"28":1,"29":1,"30":1,"31":2,"32":1,"33":1,"34":1,"35":1,"36":1,"37":3,"38":1,"39":1,"40":2,"41":2,"42":1,"43":1,"44":1,"45":1,"46":1,"47":1,"48":1,"49":1,"50":1,"51":1,"52":1,"53":1,"54":1},"branchMap":{"0":{"type":"branch","line":31,"loc":{"start":{"line":31,"column":17},"end":{"line":33,"column":9}},"locations":[{"start":{"line":31,"column":17},"end":{"line":33,"column":9}}]},"1":{"type":"branch","line":34,"loc":{"start":{"line":34,"column":23},"end":{"line":36,"column":9}},"locations":[{"start":{"line":34,"column":23},"end":{"line":36,"column":9}}]},"2":{"type":"branch","line":37,"loc":{"start":{"line":37,"column":35},"end":{"line":39,"column":9}},"locations":[{"start":{"line":37,"column":35},"end":{"line":39,"column":9}}]},"3":{"type":"branch","line":40,"loc":{"start":{"line":40,"column":39},"end":{"line":43,"column":9}},"locations":[{"start":{"line":40,"column":39},"end":{"line":43,"column":9}}]},"4":{"type":"branch","line":44,"loc":{"start":{"line":44,"column":27},"end":{"line":47,"column":9}},"locations":[{"start":{"line":44,"column":27},"end":{"line":47,"column":9}}]},"5":{"type":"branch","line":48,"loc":{"start":{"line":48,"column":27},"end":{"line":50,"column":9}},"locations":[{"start":{"line":48,"column":27},"end":{"line":50,"column":9}}]}},"b":{"0":[2],"1":[1],"2":[3],"3":[2],"4":[1],"5":[1]},"fnMap":{"0":{"name":"setStep","decl":{"start":{"line":31,"column":17},"end":{"line":33,"column":9}},"loc":{"start":{"line":31,"column":17},"end":{"line":33,"column":9}},"line":31},"1":{"name":"choosePlayers","decl":{"start":{"line":34,"column":23},"end":{"line":36,"column":9}},"loc":{"start":{"line":34,"column":23},"end":{"line":36,"column":9}},"line":34},"2":{"name":"handleLoadingBattlefields","decl":{"start":{"line":37,"column":35},"end":{"line":39,"column":9}},"loc":{"start":{"line":37,"column":35},"end":{"line":39,"column":9}},"line":37},"3":{"name":"handleFetchBattlefieldsError","decl":{"start":{"line":40,"column":39},"end":{"line":43,"column":9}},"loc":{"start":{"line":40,"column":39},"end":{"line":43,"column":9}},"line":40},"4":{"name":"storeBattlefields","decl":{"start":{"line":44,"column":27},"end":{"line":47,"column":9}},"loc":{"start":{"line":44,"column":27},"end":{"line":47,"column":9}},"line":44},"5":{"name":"chooseBattlefield","decl":{"start":{"line":48,"column":27},"end":{"line":50,"column":9}},"loc":{"start":{"line":48,"column":27},"end":{"line":50,"column":9}},"line":48}},"f":{"0":2,"1":1,"2":3,"3":2,"4":1,"5":1}}
,"/Volumes/backup/Organismes/3WA_Groupe/CDA33AB/squadforge_starter/src/modules/shared/error.utils.ts": {"path":"/Volumes/backup/Organismes/3WA_Groupe/CDA33AB/squadforge_starter/src/modules/shared/error.utils.ts","all":false,"statementMap":{"0":{"start":{"line":1,"column":0},"end":{"line":1,"column":64}},"1":{"start":{"line":2,"column":0},"end":{"line":2,"column":32}},"2":{"start":{"line":3,"column":0},"end":{"line":3,"column":28}},"3":{"start":{"line":4,"column":0},"end":{"line":4,"column":5}},"4":{"start":{"line":5,"column":0},"end":{"line":5,"column":26}},"5":{"start":{"line":6,"column":0},"end":{"line":6,"column":1}}},"s":{"0":1,"1":2,"2":2,"3":2,"4":0,"5":0},"branchMap":{"0":{"type":"branch","line":1,"loc":{"start":{"line":1,"column":35},"end":{"line":6,"column":1}},"locations":[{"start":{"line":1,"column":35},"end":{"line":6,"column":1}}]},"1":{"type":"branch","line":5,"loc":{"start":{"line":5,"column":-1},"end":{"line":6,"column":1}},"locations":[{"start":{"line":5,"column":-1},"end":{"line":6,"column":1}}]}},"b":{"0":[2],"1":[0]},"fnMap":{"0":{"name":"extractErrorMessage","decl":{"start":{"line":1,"column":35},"end":{"line":6,"column":1}},"loc":{"start":{"line":1,"column":35},"end":{"line":6,"column":1}},"line":1}},"f":{"0":2}}
,"/Volumes/backup/Organismes/3WA_Groupe/CDA33AB/squadforge_starter/src/modules/store/store.ts": {"path":"/Volumes/backup/Organismes/3WA_Groupe/CDA33AB/squadforge_starter/src/modules/store/store.ts","all":false,"statementMap":{"0":{"start":{"line":1,"column":0},"end":{"line":1,"column":93}},"1":{"start":{"line":2,"column":0},"end":{"line":2,"column":42}},"2":{"start":{"line":3,"column":0},"end":{"line":3,"column":85}},"3":{"start":{"line":4,"column":0},"end":{"line":4,"column":60}},"4":{"start":{"line":5,"column":0},"end":{"line":5,"column":46}},"5":{"start":{"line":6,"column":0},"end":{"line":6,"column":83}},"6":{"start":{"line":7,"column":0},"end":{"line":7,"column":0}},"7":{"start":{"line":8,"column":0},"end":{"line":8,"column":34}},"8":{"start":{"line":9,"column":0},"end":{"line":9,"column":21}},"9":{"start":{"line":10,"column":0},"end":{"line":10,"column":3}},"10":{"start":{"line":11,"column":0},"end":{"line":11,"column":0}},"11":{"start":{"line":12,"column":0},"end":{"line":12,"column":54}},"12":{"start":{"line":13,"column":0},"end":{"line":13,"column":51}},"13":{"start":{"line":14,"column":0},"end":{"line":14,"column":47}},"14":{"start":{"line":15,"column":0},"end":{"line":15,"column":47}},"15":{"start":{"line":16,"column":0},"end":{"line":16,"column":0}},"16":{"start":{"line":17,"column":0},"end":{"line":17,"column":0}},"17":{"start":{"line":18,"column":0},"end":{"line":18,"column":37}},"18":{"start":{"line":19,"column":0},"end":{"line":19,"column":27}},"19":{"start":{"line":20,"column":0},"end":{"line":20,"column":31}},"20":{"start":{"line":21,"column":0},"end":{"line":21,"column":7}},"21":{"start":{"line":22,"column":0},"end":{"line":22,"column":34}},"22":{"start":{"line":23,"column":0},"end":{"line":23,"column":45}},"23":{"start":{"line":24,"column":0},"end":{"line":24,"column":26}},"24":{"start":{"line":25,"column":0},"end":{"line":25,"column":23}},"25":{"start":{"line":26,"column":0},"end":{"line":26,"column":47}},"26":{"start":{"line":27,"column":0},"end":{"line":27,"column":56}},"27":{"start":{"line":28,"column":0},"end":{"line":28,"column":47}},"28":{"start":{"line":29,"column":0},"end":{"line":29,"column":46}},"29":{"start":{"line":30,"column":0},"end":{"line":30,"column":0}},"30":{"start":{"line":31,"column":0},"end":{"line":31,"column":41}},"31":{"start":{"line":32,"column":0},"end":{"line":32,"column":24}},"32":{"start":{"line":33,"column":0},"end":{"line":33,"column":55}},"33":{"start":{"line":34,"column":0},"end":{"line":34,"column":17}},"34":{"start":{"line":35,"column":0},"end":{"line":35,"column":43}},"35":{"start":{"line":36,"column":0},"end":{"line":36,"column":9}},"36":{"start":{"line":37,"column":0},"end":{"line":37,"column":6}},"37":{"start":{"line":38,"column":0},"end":{"line":38,"column":0}},"38":{"start":{"line":39,"column":0},"end":{"line":39,"column":17}},"39":{"start":{"line":40,"column":0},"end":{"line":40,"column":1}},"40":{"start":{"line":41,"column":0},"end":{"line":41,"column":0}},"41":{"start":{"line":42,"column":0},"end":{"line":42,"column":63}}},"s":{"0":1,"1":1,"2":1,"3":1,"4":1,"5":1,"6":1,"7":1,"8":1,"9":1,"10":1,"11":1,"12":1,"13":1,"14":1,"15":1,"16":1,"17":1,"18":8,"19":8,"20":8,"21":8,"22":8,"23":8,"24":8,"25":8,"26":8,"27":8,"28":8,"29":8,"30":8,"31":8,"32":8,"33":8,"34":8,"35":8,"36":8,"37":8,"38":8,"39":8,"40":1,"41":1},"branchMap":{"0":{"type":"branch","line":18,"loc":{"start":{"line":18,"column":27},"end":{"line":40,"column":1}},"locations":[{"start":{"line":18,"column":27},"end":{"line":40,"column":1}}]},"1":{"type":"branch","line":23,"loc":{"start":{"line":23,"column":30},"end":{"line":23,"column":32}},"locations":[{"start":{"line":23,"column":30},"end":{"line":23,"column":32}}]},"2":{"type":"branch","line":26,"loc":{"start":{"line":26,"column":20},"end":{"line":36,"column":9}},"locations":[{"start":{"line":26,"column":20},"end":{"line":36,"column":9}}]}},"b":{"0":[8],"1":[0],"2":[8]},"fnMap":{"0":{"name":"createStore","decl":{"start":{"line":18,"column":27},"end":{"line":40,"column":1}},"loc":{"start":{"line":18,"column":27},"end":{"line":40,"column":1}},"line":18},"1":{"name":"middleware","decl":{"start":{"line":26,"column":20},"end":{"line":36,"column":9}},"loc":{"start":{"line":26,"column":20},"end":{"line":36,"column":9}},"line":26},"2":{"name":"useAppDispatch","decl":{"start":{"line":42,"column":30},"end":{"line":42,"column":62}},"loc":{"start":{"line":42,"column":30},"end":{"line":42,"column":62}},"line":42}},"f":{"0":8,"1":8,"2":0}}
,"/Volumes/backup/Organismes/3WA_Groupe/CDA33AB/squadforge_starter/src/modules/testing/tests-environment.ts": {"path":"/Volumes/backup/Organismes/3WA_Groupe/CDA33AB/squadforge_starter/src/modules/testing/tests-environment.ts","all":false,"statementMap":{"0":{"start":{"line":1,"column":0},"end":{"line":1,"column":53}},"1":{"start":{"line":2,"column":0},"end":{"line":2,"column":55}},"2":{"start":{"line":3,"column":0},"end":{"line":3,"column":0}},"3":{"start":{"line":4,"column":0},"end":{"line":4,"column":28}},"4":{"start":{"line":5,"column":0},"end":{"line":5,"column":40}},"5":{"start":{"line":6,"column":0},"end":{"line":6,"column":21}},"6":{"start":{"line":7,"column":0},"end":{"line":7,"column":20}},"7":{"start":{"line":8,"column":0},"end":{"line":8,"column":3}},"8":{"start":{"line":9,"column":0},"end":{"line":9,"column":0}},"9":{"start":{"line":10,"column":0},"end":{"line":10,"column":42}},"10":{"start":{"line":11,"column":0},"end":{"line":11,"column":37}},"11":{"start":{"line":12,"column":0},"end":{"line":12,"column":41}},"12":{"start":{"line":13,"column":0},"end":{"line":13,"column":7}},"13":{"start":{"line":14,"column":0},"end":{"line":14,"column":38}},"14":{"start":{"line":15,"column":0},"end":{"line":15,"column":63}},"15":{"start":{"line":16,"column":0},"end":{"line":16,"column":7}},"16":{"start":{"line":17,"column":0},"end":{"line":17,"column":0}},"17":{"start":{"line":18,"column":0},"end":{"line":18,"column":26}},"18":{"start":{"line":19,"column":0},"end":{"line":19,"column":35}},"19":{"start":{"line":20,"column":0},"end":{"line":20,"column":32}},"20":{"start":{"line":21,"column":0},"end":{"line":21,"column":6}},"21":{"start":{"line":22,"column":0},"end":{"line":22,"column":0}},"22":{"start":{"line":23,"column":0},"end":{"line":23,"column":31}},"23":{"start":{"line":24,"column":0},"end":{"line":24,"column":63}},"24":{"start":{"line":25,"column":0},"end":{"line":25,"column":7}},"25":{"start":{"line":26,"column":0},"end":{"line":26,"column":0}},"26":{"start":{"line":27,"column":0},"end":{"line":27,"column":17}},"27":{"start":{"line":28,"column":0},"end":{"line":28,"column":2}},"28":{"start":{"line":29,"column":0},"end":{"line":29,"column":0}},"29":{"start":{"line":30,"column":0},"end":{"line":30,"column":70}},"30":{"start":{"line":31,"column":0},"end":{"line":31,"column":31}},"31":{"start":{"line":32,"column":0},"end":{"line":32,"column":43}},"32":{"start":{"line":33,"column":0},"end":{"line":33,"column":7}},"33":{"start":{"line":34,"column":0},"end":{"line":34,"column":0}},"34":{"start":{"line":35,"column":0},"end":{"line":35,"column":47}},"35":{"start":{"line":36,"column":0},"end":{"line":36,"column":0}},"36":{"start":{"line":37,"column":0},"end":{"line":37,"column":20}},"37":{"start":{"line":38,"column":0},"end":{"line":38,"column":29}},"38":{"start":{"line":39,"column":0},"end":{"line":39,"column":24}},"39":{"start":{"line":40,"column":0},"end":{"line":40,"column":6}},"40":{"start":{"line":41,"column":0},"end":{"line":41,"column":0}},"41":{"start":{"line":42,"column":0},"end":{"line":42,"column":64}},"42":{"start":{"line":43,"column":0},"end":{"line":43,"column":2}}},"s":{"0":1,"1":1,"2":1,"3":1,"4":8,"5":8,"6":8,"7":1,"8":1,"9":1,"10":4,"11":4,"12":4,"13":4,"14":4,"15":4,"16":4,"17":4,"18":4,"19":4,"20":4,"21":4,"22":4,"23":4,"24":4,"25":4,"26":4,"27":4,"28":1,"29":1,"30":0,"31":0,"32":0,"33":0,"34":0,"35":0,"36":0,"37":0,"38":0,"39":0,"40":0,"41":0,"42":0},"branchMap":{"0":{"type":"branch","line":4,"loc":{"start":{"line":4,"column":27},"end":{"line":7,"column":20}},"locations":[{"start":{"line":4,"column":27},"end":{"line":7,"column":20}}]},"1":{"type":"branch","line":10,"loc":{"start":{"line":10,"column":31},"end":{"line":28,"column":2}},"locations":[{"start":{"line":10,"column":31},"end":{"line":28,"column":2}}]},"2":{"type":"branch","line":15,"loc":{"start":{"line":15,"column":47},"end":{"line":15,"column":49}},"locations":[{"start":{"line":15,"column":47},"end":{"line":15,"column":49}}]},"3":{"type":"branch","line":15,"loc":{"start":{"line":15,"column":47},"end":{"line":15,"column":61}},"locations":[{"start":{"line":15,"column":47},"end":{"line":15,"column":61}}]},"4":{"type":"branch","line":20,"loc":{"start":{"line":20,"column":17},"end":{"line":20,"column":19}},"locations":[{"start":{"line":20,"column":17},"end":{"line":20,"column":19}}]},"5":{"type":"branch","line":20,"loc":{"start":{"line":20,"column":17},"end":{"line":20,"column":31}},"locations":[{"start":{"line":20,"column":17},"end":{"line":20,"column":31}}]},"6":{"type":"branch","line":24,"loc":{"start":{"line":24,"column":47},"end":{"line":24,"column":49}},"locations":[{"start":{"line":24,"column":47},"end":{"line":24,"column":49}}]},"7":{"type":"branch","line":24,"loc":{"start":{"line":24,"column":47},"end":{"line":24,"column":61}},"locations":[{"start":{"line":24,"column":47},"end":{"line":24,"column":61}}]}},"b":{"0":[8],"1":[4],"2":[2],"3":[2],"4":[2],"5":[2],"6":[2],"7":[2]},"fnMap":{"0":{"name":"createDependencies","decl":{"start":{"line":4,"column":27},"end":{"line":7,"column":20}},"loc":{"start":{"line":4,"column":27},"end":{"line":7,"column":20}},"line":4},"1":{"name":"createTestStore","decl":{"start":{"line":10,"column":31},"end":{"line":28,"column":2}},"loc":{"start":{"line":10,"column":31},"end":{"line":28,"column":2}},"line":10},"2":{"name":"createTestState","decl":{"start":{"line":30,"column":31},"end":{"line":43,"column":2}},"loc":{"start":{"line":30,"column":31},"end":{"line":43,"column":2}},"line":30}},"f":{"0":8,"1":4,"2":0}}
}
