{"/Volumes/backup/Organismes/3WA_Groupe/CDA33AB/squadforge_starter/src/modules/game/core/actions/choose-players.action.ts": {"path":"/Volumes/backup/Organismes/3WA_Groupe/CDA33AB/squadforge_starter/src/modules/game/core/actions/choose-players.action.ts","all":false,"statementMap":{"0":{"start":{"line":1,"column":0},"end":{"line":1,"column":51}},"1":{"start":{"line":2,"column":0},"end":{"line":2,"column":48}},"2":{"start":{"line":3,"column":0},"end":{"line":3,"column":50}},"3":{"start":{"line":4,"column":0},"end":{"line":4,"column":0}},"4":{"start":{"line":5,"column":0},"end":{"line":5,"column":89}},"5":{"start":{"line":6,"column":0},"end":{"line":6,"column":45}},"6":{"start":{"line":7,"column":0},"end":{"line":7,"column":1}}},"s":{"0":1,"1":1,"2":1,"3":1,"4":1,"5":1,"6":1},"branchMap":{"0":{"type":"branch","line":5,"loc":{"start":{"line":5,"column":29},"end":{"line":7,"column":1}},"locations":[{"start":{"line":5,"column":29},"end":{"line":7,"column":1}}]},"1":{"type":"branch","line":5,"loc":{"start":{"line":5,"column":55},"end":{"line":7,"column":1}},"locations":[{"start":{"line":5,"column":55},"end":{"line":7,"column":1}}]},"2":{"type":"branch","line":5,"loc":{"start":{"line":5,"column":87},"end":{"line":7,"column":1}},"locations":[{"start":{"line":5,"column":87},"end":{"line":7,"column":1}}]}},"b":{"0":[1],"1":[1],"2":[1]},"fnMap":{"0":{"name":"choosePlayers","decl":{"start":{"line":5,"column":29},"end":{"line":7,"column":1}},"loc":{"start":{"line":5,"column":29},"end":{"line":7,"column":1}},"line":5}},"f":{"0":1}}
,"/Volumes/backup/Organismes/3WA_Groupe/CDA33AB/squadforge_starter/src/modules/game/core/actions/fetch-battlefields.action.ts": {"path":"/Volumes/backup/Organismes/3WA_Groupe/CDA33AB/squadforge_starter/src/modules/game/core/actions/fetch-battlefields.action.ts","all":false,"statementMap":{"0":{"start":{"line":1,"column":0},"end":{"line":1,"column":66}},"1":{"start":{"line":2,"column":0},"end":{"line":2,"column":59}},"2":{"start":{"line":3,"column":0},"end":{"line":3,"column":64}},"3":{"start":{"line":4,"column":0},"end":{"line":4,"column":48}},"4":{"start":{"line":5,"column":0},"end":{"line":5,"column":0}},"5":{"start":{"line":6,"column":0},"end":{"line":6,"column":40}},"6":{"start":{"line":7,"column":0},"end":{"line":7,"column":27}},"7":{"start":{"line":8,"column":0},"end":{"line":8,"column":19}},"8":{"start":{"line":9,"column":0},"end":{"line":9,"column":30}},"9":{"start":{"line":10,"column":0},"end":{"line":10,"column":6}},"10":{"start":{"line":11,"column":0},"end":{"line":11,"column":59}},"11":{"start":{"line":12,"column":0},"end":{"line":12,"column":9}},"12":{"start":{"line":13,"column":0},"end":{"line":13,"column":85}},"13":{"start":{"line":14,"column":0},"end":{"line":14,"column":67}},"14":{"start":{"line":15,"column":0},"end":{"line":15,"column":21}},"15":{"start":{"line":16,"column":0},"end":{"line":16,"column":92}},"16":{"start":{"line":17,"column":0},"end":{"line":17,"column":5}},"17":{"start":{"line":18,"column":0},"end":{"line":18,"column":1}}},"s":{"0":1,"1":1,"2":1,"3":1,"4":1,"5":1,"6":3,"7":3,"8":3,"9":3,"10":3,"11":3,"12":3,"13":1,"14":2,"15":2,"16":2,"17":3},"branchMap":{"0":{"type":"branch","line":6,"loc":{"start":{"line":6,"column":33},"end":{"line":18,"column":1}},"locations":[{"start":{"line":6,"column":33},"end":{"line":18,"column":1}}]},"1":{"type":"branch","line":10,"loc":{"start":{"line":10,"column":4},"end":{"line":18,"column":1}},"locations":[{"start":{"line":10,"column":4},"end":{"line":18,"column":1}}]},"2":{"type":"branch","line":14,"loc":{"start":{"line":14,"column":-1},"end":{"line":17,"column":5}},"locations":[{"start":{"line":14,"column":-1},"end":{"line":17,"column":5}}]},"3":{"type":"branch","line":14,"loc":{"start":{"line":14,"column":-1},"end":{"line":15,"column":13}},"locations":[{"start":{"line":14,"column":-1},"end":{"line":15,"column":13}}]}},"b":{"0":[3],"1":[3],"2":[2],"3":[1]},"fnMap":{"0":{"name":"fetchBattlefields","decl":{"start":{"line":6,"column":33},"end":{"line":18,"column":1}},"loc":{"start":{"line":6,"column":33},"end":{"line":18,"column":1}},"line":6}},"f":{"0":3}}
,"/Volumes/backup/Organismes/3WA_Groupe/CDA33AB/squadforge_starter/src/modules/game/core/form/players-form.ts": {"path":"/Volumes/backup/Organismes/3WA_Groupe/CDA33AB/squadforge_starter/src/modules/game/core/form/players-form.ts","all":false,"statementMap":{"0":{"start":{"line":1,"column":0},"end":{"line":1,"column":42}},"1":{"start":{"line":2,"column":0},"end":{"line":2,"column":32}},"2":{"start":{"line":3,"column":0},"end":{"line":3,"column":48}},"3":{"start":{"line":4,"column":0},"end":{"line":4,"column":0}},"4":{"start":{"line":5,"column":0},"end":{"line":5,"column":26}},"5":{"start":{"line":6,"column":0},"end":{"line":6,"column":0}},"6":{"start":{"line":7,"column":0},"end":{"line":7,"column":55}},"7":{"start":{"line":8,"column":0},"end":{"line":8,"column":40}},"8":{"start":{"line":9,"column":0},"end":{"line":9,"column":32}},"9":{"start":{"line":10,"column":0},"end":{"line":10,"column":29}},"10":{"start":{"line":11,"column":0},"end":{"line":11,"column":34}},"11":{"start":{"line":12,"column":0},"end":{"line":12,"column":32}},"12":{"start":{"line":13,"column":0},"end":{"line":13,"column":23}},"13":{"start":{"line":14,"column":0},"end":{"line":14,"column":14}},"14":{"start":{"line":15,"column":0},"end":{"line":15,"column":10}},"15":{"start":{"line":16,"column":0},"end":{"line":16,"column":5}},"16":{"start":{"line":17,"column":0},"end":{"line":17,"column":0}},"17":{"start":{"line":18,"column":0},"end":{"line":18,"column":70}},"18":{"start":{"line":19,"column":0},"end":{"line":19,"column":40}},"19":{"start":{"line":20,"column":0},"end":{"line":20,"column":78}},"20":{"start":{"line":21,"column":0},"end":{"line":21,"column":33}},"21":{"start":{"line":22,"column":0},"end":{"line":22,"column":43}},"22":{"start":{"line":23,"column":0},"end":{"line":23,"column":0}},"23":{"start":{"line":24,"column":0},"end":{"line":24,"column":43}},"24":{"start":{"line":25,"column":0},"end":{"line":25,"column":42}},"25":{"start":{"line":26,"column":0},"end":{"line":26,"column":13}},"26":{"start":{"line":27,"column":0},"end":{"line":27,"column":10}},"27":{"start":{"line":28,"column":0},"end":{"line":28,"column":5}},"28":{"start":{"line":29,"column":0},"end":{"line":29,"column":0}},"29":{"start":{"line":30,"column":0},"end":{"line":30,"column":74}},"30":{"start":{"line":31,"column":0},"end":{"line":31,"column":40}},"31":{"start":{"line":32,"column":0},"end":{"line":32,"column":82}},"32":{"start":{"line":33,"column":0},"end":{"line":33,"column":60}},"33":{"start":{"line":34,"column":0},"end":{"line":34,"column":10}},"34":{"start":{"line":35,"column":0},"end":{"line":35,"column":5}},"35":{"start":{"line":36,"column":0},"end":{"line":36,"column":0}},"36":{"start":{"line":37,"column":0},"end":{"line":37,"column":52}},"37":{"start":{"line":38,"column":0},"end":{"line":38,"column":45}},"38":{"start":{"line":39,"column":0},"end":{"line":39,"column":60}},"39":{"start":{"line":40,"column":0},"end":{"line":40,"column":73}},"40":{"start":{"line":41,"column":0},"end":{"line":41,"column":69}},"41":{"start":{"line":42,"column":0},"end":{"line":42,"column":5}},"42":{"start":{"line":43,"column":0},"end":{"line":43,"column":0}},"43":{"start":{"line":44,"column":0},"end":{"line":44,"column":51}},"44":{"start":{"line":45,"column":0},"end":{"line":45,"column":31}},"45":{"start":{"line":46,"column":0},"end":{"line":46,"column":19}},"46":{"start":{"line":47,"column":0},"end":{"line":47,"column":15}},"47":{"start":{"line":48,"column":0},"end":{"line":48,"column":34}},"48":{"start":{"line":49,"column":0},"end":{"line":49,"column":24}},"49":{"start":{"line":50,"column":0},"end":{"line":50,"column":40}},"50":{"start":{"line":51,"column":0},"end":{"line":51,"column":74}},"51":{"start":{"line":52,"column":0},"end":{"line":52,"column":32}},"52":{"start":{"line":53,"column":0},"end":{"line":53,"column":31}},"53":{"start":{"line":54,"column":0},"end":{"line":54,"column":10}},"54":{"start":{"line":55,"column":0},"end":{"line":55,"column":5}},"55":{"start":{"line":56,"column":0},"end":{"line":56,"column":1}}},"s":{"0":1,"1":1,"2":1,"3":1,"4":1,"5":1,"6":1,"7":3,"8":3,"9":3,"10":3,"11":3,"12":3,"13":3,"14":3,"15":3,"16":1,"17":1,"18":4,"19":4,"20":4,"21":3,"22":3,"23":4,"24":2,"25":2,"26":4,"27":4,"28":1,"29":1,"30":3,"31":3,"32":3,"33":3,"34":3,"35":1,"36":1,"37":3,"38":3,"39":3,"40":1,"41":3,"42":1,"43":1,"44":4,"45":4,"46":4,"47":4,"48":4,"49":4,"50":4,"51":4,"52":3,"53":4,"54":4,"55":1},"branchMap":{"0":{"type":"branch","line":7,"loc":{"start":{"line":7,"column":4},"end":{"line":16,"column":5}},"locations":[{"start":{"line":7,"column":4},"end":{"line":16,"column":5}}]},"1":{"type":"branch","line":8,"loc":{"start":{"line":8,"column":30},"end":{"line":15,"column":9}},"locations":[{"start":{"line":8,"column":30},"end":{"line":15,"column":9}}]},"2":{"type":"branch","line":18,"loc":{"start":{"line":18,"column":4},"end":{"line":28,"column":5}},"locations":[{"start":{"line":18,"column":4},"end":{"line":28,"column":5}}]},"3":{"type":"branch","line":19,"loc":{"start":{"line":19,"column":30},"end":{"line":27,"column":9}},"locations":[{"start":{"line":19,"column":30},"end":{"line":27,"column":9}}]},"4":{"type":"branch","line":21,"loc":{"start":{"line":21,"column":26},"end":{"line":21,"column":33}},"locations":[{"start":{"line":21,"column":26},"end":{"line":21,"column":33}}]},"5":{"type":"branch","line":22,"loc":{"start":{"line":22,"column":-1},"end":{"line":24,"column":42}},"locations":[{"start":{"line":22,"column":-1},"end":{"line":24,"column":42}}]},"6":{"type":"branch","line":24,"loc":{"start":{"line":24,"column":42},"end":{"line":26,"column":13}},"locations":[{"start":{"line":24,"column":42},"end":{"line":26,"column":13}}]},"7":{"type":"branch","line":20,"loc":{"start":{"line":20,"column":50},"end":{"line":20,"column":76}},"locations":[{"start":{"line":20,"column":50},"end":{"line":20,"column":76}}]},"8":{"type":"branch","line":30,"loc":{"start":{"line":30,"column":4},"end":{"line":35,"column":5}},"locations":[{"start":{"line":30,"column":4},"end":{"line":35,"column":5}}]},"9":{"type":"branch","line":31,"loc":{"start":{"line":31,"column":30},"end":{"line":34,"column":9}},"locations":[{"start":{"line":31,"column":30},"end":{"line":34,"column":9}}]},"10":{"type":"branch","line":33,"loc":{"start":{"line":33,"column":48},"end":{"line":33,"column":52}},"locations":[{"start":{"line":33,"column":48},"end":{"line":33,"column":52}}]},"11":{"type":"branch","line":33,"loc":{"start":{"line":33,"column":53},"end":{"line":33,"column":59}},"locations":[{"start":{"line":33,"column":53},"end":{"line":33,"column":59}}]},"12":{"type":"branch","line":32,"loc":{"start":{"line":32,"column":54},"end":{"line":32,"column":80}},"locations":[{"start":{"line":32,"column":54},"end":{"line":32,"column":80}}]},"13":{"type":"branch","line":37,"loc":{"start":{"line":37,"column":4},"end":{"line":42,"column":5}},"locations":[{"start":{"line":37,"column":4},"end":{"line":42,"column":5}}]},"14":{"type":"branch","line":38,"loc":{"start":{"line":38,"column":42},"end":{"line":39,"column":57}},"locations":[{"start":{"line":38,"column":42},"end":{"line":39,"column":57}}]},"15":{"type":"branch","line":39,"loc":{"start":{"line":39,"column":57},"end":{"line":40,"column":70}},"locations":[{"start":{"line":39,"column":57},"end":{"line":40,"column":70}}]},"16":{"type":"branch","line":40,"loc":{"start":{"line":40,"column":70},"end":{"line":41,"column":69}},"locations":[{"start":{"line":40,"column":70},"end":{"line":41,"column":69}}]},"17":{"type":"branch","line":39,"loc":{"start":{"line":39,"column":32},"end":{"line":39,"column":56}},"locations":[{"start":{"line":39,"column":32},"end":{"line":39,"column":56}}]},"18":{"type":"branch","line":40,"loc":{"start":{"line":40,"column":32},"end":{"line":40,"column":69}},"locations":[{"start":{"line":40,"column":32},"end":{"line":40,"column":69}}]},"19":{"type":"branch","line":41,"loc":{"start":{"line":41,"column":32},"end":{"line":41,"column":68}},"locations":[{"start":{"line":41,"column":32},"end":{"line":41,"column":68}}]},"20":{"type":"branch","line":44,"loc":{"start":{"line":44,"column":4},"end":{"line":55,"column":5}},"locations":[{"start":{"line":44,"column":4},"end":{"line":55,"column":5}}]},"21":{"type":"branch","line":50,"loc":{"start":{"line":50,"column":30},"end":{"line":54,"column":9}},"locations":[{"start":{"line":50,"column":30},"end":{"line":54,"column":9}}]},"22":{"type":"branch","line":52,"loc":{"start":{"line":52,"column":25},"end":{"line":52,"column":32}},"locations":[{"start":{"line":52,"column":25},"end":{"line":52,"column":32}}]},"23":{"type":"branch","line":53,"loc":{"start":{"line":53,"column":-1},"end":{"line":54,"column":9}},"locations":[{"start":{"line":53,"column":-1},"end":{"line":54,"column":9}}]},"24":{"type":"branch","line":51,"loc":{"start":{"line":51,"column":46},"end":{"line":51,"column":72}},"locations":[{"start":{"line":51,"column":46},"end":{"line":51,"column":72}}]}},"b":{"0":[3],"1":[3],"2":[4],"3":[4],"4":[1],"5":[3],"6":[2],"7":[3],"8":[3],"9":[3],"10":[2],"11":[1],"12":[3],"13":[3],"14":[2],"15":[1],"16":[1],"17":[3],"18":[2],"19":[2],"20":[4],"21":[4],"22":[1],"23":[3],"24":[4]},"fnMap":{"0":{"name":"addPlayer","decl":{"start":{"line":7,"column":4},"end":{"line":16,"column":5}},"loc":{"start":{"line":7,"column":4},"end":{"line":16,"column":5}},"line":7},"1":{"name":"removePlayer","decl":{"start":{"line":18,"column":4},"end":{"line":28,"column":5}},"loc":{"start":{"line":18,"column":4},"end":{"line":28,"column":5}},"line":18},"2":{"name":"changeTeamLeader","decl":{"start":{"line":30,"column":4},"end":{"line":35,"column":5}},"loc":{"start":{"line":30,"column":4},"end":{"line":35,"column":5}},"line":30},"3":{"name":"isSubmittable","decl":{"start":{"line":37,"column":4},"end":{"line":42,"column":5}},"loc":{"start":{"line":37,"column":4},"end":{"line":42,"column":5}},"line":37},"4":{"name":"updatePlayer","decl":{"start":{"line":44,"column":4},"end":{"line":55,"column":5}},"loc":{"start":{"line":44,"column":4},"end":{"line":55,"column":5}},"line":44}},"f":{"0":3,"1":4,"2":3,"3":3,"4":4}}
,"/Volumes/backup/Organismes/3WA_Groupe/CDA33AB/squadforge_starter/src/modules/game/core/listeners/fetcher.listener.ts": {"path":"/Volumes/backup/Organismes/3WA_Groupe/CDA33AB/squadforge_starter/src/modules/game/core/listeners/fetcher.listener.ts","all":false,"statementMap":{"0":{"start":{"line":1,"column":0},"end":{"line":1,"column":62}},"1":{"start":{"line":2,"column":0},"end":{"line":2,"column":48}},"2":{"start":{"line":3,"column":0},"end":{"line":3,"column":48}},"3":{"start":{"line":4,"column":0},"end":{"line":4,"column":73}},"4":{"start":{"line":5,"column":0},"end":{"line":5,"column":0}},"5":{"start":{"line":6,"column":0},"end":{"line":6,"column":83}},"6":{"start":{"line":7,"column":0},"end":{"line":7,"column":29}},"7":{"start":{"line":8,"column":0},"end":{"line":8,"column":49}},"8":{"start":{"line":9,"column":0},"end":{"line":9,"column":35}},"9":{"start":{"line":10,"column":0},"end":{"line":10,"column":36}},"10":{"start":{"line":11,"column":0},"end":{"line":11,"column":47}},"11":{"start":{"line":12,"column":0},"end":{"line":12,"column":59}},"12":{"start":{"line":13,"column":0},"end":{"line":13,"column":26}},"13":{"start":{"line":14,"column":0},"end":{"line":14,"column":13}},"14":{"start":{"line":15,"column":0},"end":{"line":15,"column":9}},"15":{"start":{"line":16,"column":0},"end":{"line":16,"column":6}},"16":{"start":{"line":17,"column":0},"end":{"line":17,"column":1}}},"s":{"0":1,"1":1,"2":1,"3":1,"4":1,"5":1,"6":6,"7":6,"8":6,"9":1,"10":1,"11":1,"12":1,"13":1,"14":1,"15":6,"16":6},"branchMap":{"0":{"type":"branch","line":6,"loc":{"start":{"line":6,"column":40},"end":{"line":17,"column":1}},"locations":[{"start":{"line":6,"column":40},"end":{"line":17,"column":1}}]},"1":{"type":"branch","line":9,"loc":{"start":{"line":9,"column":17},"end":{"line":15,"column":9}},"locations":[{"start":{"line":9,"column":17},"end":{"line":15,"column":9}}]}},"b":{"0":[6],"1":[1]},"fnMap":{"0":{"name":"registerFetcherListeners","decl":{"start":{"line":6,"column":40},"end":{"line":17,"column":1}},"loc":{"start":{"line":6,"column":40},"end":{"line":17,"column":1}},"line":6},"1":{"name":"effect","decl":{"start":{"line":9,"column":17},"end":{"line":15,"column":9}},"loc":{"start":{"line":9,"column":17},"end":{"line":15,"column":9}},"line":9}},"f":{"0":6,"1":1}}
,"/Volumes/backup/Organismes/3WA_Groupe/CDA33AB/squadforge_starter/src/modules/game/core/listeners/game-step.listener.ts": {"path":"/Volumes/backup/Organismes/3WA_Groupe/CDA33AB/squadforge_starter/src/modules/game/core/listeners/game-step.listener.ts","all":false,"statementMap":{"0":{"start":{"line":1,"column":0},"end":{"line":1,"column":62}},"1":{"start":{"line":2,"column":0},"end":{"line":2,"column":48}},"2":{"start":{"line":3,"column":0},"end":{"line":3,"column":48}},"3":{"start":{"line":4,"column":0},"end":{"line":4,"column":0}},"4":{"start":{"line":5,"column":0},"end":{"line":5,"column":83}},"5":{"start":{"line":6,"column":0},"end":{"line":6,"column":29}},"6":{"start":{"line":7,"column":0},"end":{"line":7,"column":55}},"7":{"start":{"line":8,"column":0},"end":{"line":8,"column":29}},"8":{"start":{"line":9,"column":0},"end":{"line":9,"column":78}},"9":{"start":{"line":10,"column":0},"end":{"line":10,"column":9}},"10":{"start":{"line":11,"column":0},"end":{"line":11,"column":6}},"11":{"start":{"line":12,"column":0},"end":{"line":12,"column":1}}},"s":{"0":1,"1":1,"2":1,"3":1,"4":1,"5":6,"6":6,"7":6,"8":1,"9":1,"10":6,"11":6},"branchMap":{"0":{"type":"branch","line":5,"loc":{"start":{"line":5,"column":40},"end":{"line":12,"column":1}},"locations":[{"start":{"line":5,"column":40},"end":{"line":12,"column":1}}]},"1":{"type":"branch","line":8,"loc":{"start":{"line":8,"column":16},"end":{"line":10,"column":9}},"locations":[{"start":{"line":8,"column":16},"end":{"line":10,"column":9}}]}},"b":{"0":[6],"1":[1]},"fnMap":{"0":{"name":"registerGameStepListener","decl":{"start":{"line":5,"column":40},"end":{"line":12,"column":1}},"loc":{"start":{"line":5,"column":40},"end":{"line":12,"column":1}},"line":5},"1":{"name":"effect","decl":{"start":{"line":8,"column":16},"end":{"line":10,"column":9}},"loc":{"start":{"line":8,"column":16},"end":{"line":10,"column":9}},"line":8}},"f":{"0":6,"1":1}}
,"/Volumes/backup/Organismes/3WA_Groupe/CDA33AB/squadforge_starter/src/modules/game/core/model/battlefield-factory.ts": {"path":"/Volumes/backup/Organismes/3WA_Groupe/CDA33AB/squadforge_starter/src/modules/game/core/model/battlefield-factory.ts","all":false,"statementMap":{"0":{"start":{"line":1,"column":0},"end":{"line":1,"column":41}},"1":{"start":{"line":2,"column":0},"end":{"line":2,"column":0}},"2":{"start":{"line":3,"column":0},"end":{"line":3,"column":33}},"3":{"start":{"line":4,"column":0},"end":{"line":4,"column":49}},"4":{"start":{"line":5,"column":0},"end":{"line":5,"column":16}},"5":{"start":{"line":6,"column":0},"end":{"line":6,"column":20}},"6":{"start":{"line":7,"column":0},"end":{"line":7,"column":35}},"7":{"start":{"line":8,"column":0},"end":{"line":8,"column":27}},"8":{"start":{"line":9,"column":0},"end":{"line":9,"column":19}},"9":{"start":{"line":10,"column":0},"end":{"line":10,"column":9}},"10":{"start":{"line":11,"column":0},"end":{"line":11,"column":5}},"11":{"start":{"line":12,"column":0},"end":{"line":12,"column":1}}},"s":{"0":1,"1":1,"2":1,"3":1,"4":1,"5":1,"6":1,"7":1,"8":1,"9":1,"10":1,"11":1},"branchMap":{"0":{"type":"branch","line":4,"loc":{"start":{"line":4,"column":11},"end":{"line":11,"column":5}},"locations":[{"start":{"line":4,"column":11},"end":{"line":11,"column":5}}]}},"b":{"0":[1]},"fnMap":{"0":{"name":"create","decl":{"start":{"line":4,"column":11},"end":{"line":11,"column":5}},"loc":{"start":{"line":4,"column":11},"end":{"line":11,"column":5}},"line":4}},"f":{"0":1}}
,"/Volumes/backup/Organismes/3WA_Groupe/CDA33AB/squadforge_starter/src/modules/game/core/model/game.model.ts": {"path":"/Volumes/backup/Organismes/3WA_Groupe/CDA33AB/squadforge_starter/src/modules/game/core/model/game.model.ts","all":false,"statementMap":{"0":{"start":{"line":1,"column":0},"end":{"line":1,"column":28}},"1":{"start":{"line":2,"column":0},"end":{"line":2,"column":22}},"2":{"start":{"line":3,"column":0},"end":{"line":3,"column":20}},"3":{"start":{"line":4,"column":0},"end":{"line":4,"column":23}},"4":{"start":{"line":5,"column":0},"end":{"line":5,"column":20}},"5":{"start":{"line":6,"column":0},"end":{"line":6,"column":20}},"6":{"start":{"line":7,"column":0},"end":{"line":7,"column":19}},"7":{"start":{"line":8,"column":0},"end":{"line":8,"column":5}},"8":{"start":{"line":9,"column":0},"end":{"line":9,"column":0}},"9":{"start":{"line":10,"column":0},"end":{"line":10,"column":31}},"10":{"start":{"line":11,"column":0},"end":{"line":11,"column":18}},"11":{"start":{"line":12,"column":0},"end":{"line":12,"column":21}},"12":{"start":{"line":13,"column":0},"end":{"line":13,"column":26}},"13":{"start":{"line":14,"column":0},"end":{"line":14,"column":5}},"14":{"start":{"line":15,"column":0},"end":{"line":15,"column":0}},"15":{"start":{"line":16,"column":0},"end":{"line":16,"column":26}},"16":{"start":{"line":17,"column":0},"end":{"line":17,"column":18}},"17":{"start":{"line":18,"column":0},"end":{"line":18,"column":25}},"18":{"start":{"line":19,"column":0},"end":{"line":19,"column":24}},"19":{"start":{"line":20,"column":0},"end":{"line":20,"column":19}},"20":{"start":{"line":21,"column":0},"end":{"line":21,"column":5}},"21":{"start":{"line":22,"column":0},"end":{"line":22,"column":0}},"22":{"start":{"line":23,"column":0},"end":{"line":23,"column":24}},"23":{"start":{"line":24,"column":0},"end":{"line":24,"column":26}},"24":{"start":{"line":25,"column":0},"end":{"line":25,"column":35}},"25":{"start":{"line":26,"column":0},"end":{"line":26,"column":5}},"26":{"start":{"line":27,"column":0},"end":{"line":27,"column":1}}},"s":{"0":2,"1":2,"2":2,"3":2,"4":2,"5":2,"6":2,"7":2,"8":2,"9":2,"10":2,"11":2,"12":2,"13":2,"14":2,"15":2,"16":2,"17":2,"18":2,"19":2,"20":2,"21":2,"22":2,"23":2,"24":2,"25":2,"26":2},"branchMap":{"0":{"type":"branch","line":1,"loc":{"start":{"line":1,"column":0},"end":{"line":27,"column":1}},"locations":[{"start":{"line":1,"column":0},"end":{"line":27,"column":1}}]},"1":{"type":"branch","line":2,"loc":{"start":{"line":2,"column":4},"end":{"line":8,"column":5}},"locations":[{"start":{"line":2,"column":4},"end":{"line":8,"column":5}}]}},"b":{"0":[2],"1":[2]},"fnMap":{},"f":{}}
,"/Volumes/backup/Organismes/3WA_Groupe/CDA33AB/squadforge_starter/src/modules/game/core/model/player-factory.ts": {"path":"/Volumes/backup/Organismes/3WA_Groupe/CDA33AB/squadforge_starter/src/modules/game/core/model/player-factory.ts","all":false,"statementMap":{"0":{"start":{"line":1,"column":0},"end":{"line":1,"column":41}},"1":{"start":{"line":2,"column":0},"end":{"line":2,"column":0}},"2":{"start":{"line":3,"column":0},"end":{"line":3,"column":28}},"3":{"start":{"line":4,"column":0},"end":{"line":4,"column":72}},"4":{"start":{"line":5,"column":0},"end":{"line":5,"column":16}},"5":{"start":{"line":6,"column":0},"end":{"line":6,"column":19}},"6":{"start":{"line":7,"column":0},"end":{"line":7,"column":26}},"7":{"start":{"line":8,"column":0},"end":{"line":8,"column":25}},"8":{"start":{"line":9,"column":0},"end":{"line":9,"column":20}},"9":{"start":{"line":10,"column":0},"end":{"line":10,"column":19}},"10":{"start":{"line":11,"column":0},"end":{"line":11,"column":9}},"11":{"start":{"line":12,"column":0},"end":{"line":12,"column":5}},"12":{"start":{"line":13,"column":0},"end":{"line":13,"column":1}}},"s":{"0":1,"1":1,"2":1,"3":1,"4":3,"5":3,"6":3,"7":3,"8":3,"9":3,"10":3,"11":3,"12":1},"branchMap":{"0":{"type":"branch","line":4,"loc":{"start":{"line":4,"column":11},"end":{"line":12,"column":5}},"locations":[{"start":{"line":4,"column":11},"end":{"line":12,"column":5}}]}},"b":{"0":[3]},"fnMap":{"0":{"name":"create","decl":{"start":{"line":4,"column":11},"end":{"line":12,"column":5}},"loc":{"start":{"line":4,"column":11},"end":{"line":12,"column":5}},"line":4}},"f":{"0":3}}
,"/Volumes/backup/Organismes/3WA_Groupe/CDA33AB/squadforge_starter/src/modules/game/core/store/game.slice.ts": {"path":"/Volumes/backup/Organismes/3WA_Groupe/CDA33AB/squadforge_starter/src/modules/game/core/store/game.slice.ts","all":false,"statementMap":{"0":{"start":{"line":1,"column":0},"end":{"line":1,"column":61}},"1":{"start":{"line":2,"column":0},"end":{"line":2,"column":47}},"2":{"start":{"line":3,"column":0},"end":{"line":3,"column":0}},"3":{"start":{"line":4,"column":0},"end":{"line":4,"column":25}},"4":{"start":{"line":5,"column":0},"end":{"line":5,"column":24}},"5":{"start":{"line":6,"column":0},"end":{"line":6,"column":24}},"6":{"start":{"line":7,"column":0},"end":{"line":7,"column":28}},"7":{"start":{"line":8,"column":0},"end":{"line":8,"column":57}},"8":{"start":{"line":9,"column":0},"end":{"line":9,"column":29}},"9":{"start":{"line":10,"column":0},"end":{"line":10,"column":37}},"10":{"start":{"line":11,"column":0},"end":{"line":11,"column":5}},"11":{"start":{"line":12,"column":0},"end":{"line":12,"column":1}},"12":{"start":{"line":13,"column":0},"end":{"line":13,"column":0}},"13":{"start":{"line":14,"column":0},"end":{"line":14,"column":33}},"14":{"start":{"line":15,"column":0},"end":{"line":15,"column":33}},"15":{"start":{"line":16,"column":0},"end":{"line":16,"column":11}},"16":{"start":{"line":17,"column":0},"end":{"line":17,"column":20}},"17":{"start":{"line":18,"column":0},"end":{"line":18,"column":26}},"18":{"start":{"line":19,"column":0},"end":{"line":19,"column":6}},"19":{"start":{"line":20,"column":0},"end":{"line":20,"column":28}},"20":{"start":{"line":21,"column":0},"end":{"line":21,"column":23}},"21":{"start":{"line":22,"column":0},"end":{"line":22,"column":16}},"22":{"start":{"line":23,"column":0},"end":{"line":23,"column":5}},"23":{"start":{"line":24,"column":0},"end":{"line":24,"column":1}},"24":{"start":{"line":25,"column":0},"end":{"line":25,"column":0}},"25":{"start":{"line":26,"column":0},"end":{"line":26,"column":38}},"26":{"start":{"line":27,"column":0},"end":{"line":27,"column":17}},"27":{"start":{"line":28,"column":0},"end":{"line":28,"column":17}},"28":{"start":{"line":29,"column":0},"end":{"line":29,"column":15}},"29":{"start":{"line":30,"column":0},"end":{"line":30,"column":68}},"30":{"start":{"line":31,"column":0},"end":{"line":31,"column":39}},"31":{"start":{"line":32,"column":0},"end":{"line":32,"column":10}},"32":{"start":{"line":33,"column":0},"end":{"line":33,"column":74}},"33":{"start":{"line":34,"column":0},"end":{"line":34,"column":40}},"34":{"start":{"line":35,"column":0},"end":{"line":35,"column":10}},"35":{"start":{"line":36,"column":0},"end":{"line":36,"column":47}},"36":{"start":{"line":37,"column":0},"end":{"line":37,"column":58}},"37":{"start":{"line":38,"column":0},"end":{"line":38,"column":10}},"38":{"start":{"line":39,"column":0},"end":{"line":39,"column":82}},"39":{"start":{"line":40,"column":0},"end":{"line":40,"column":57}},"40":{"start":{"line":41,"column":0},"end":{"line":41,"column":62}},"41":{"start":{"line":42,"column":0},"end":{"line":42,"column":10}},"42":{"start":{"line":43,"column":0},"end":{"line":43,"column":87}},"43":{"start":{"line":44,"column":0},"end":{"line":44,"column":62}},"44":{"start":{"line":45,"column":0},"end":{"line":45,"column":58}},"45":{"start":{"line":46,"column":0},"end":{"line":46,"column":9}},"46":{"start":{"line":47,"column":0},"end":{"line":47,"column":5}},"47":{"start":{"line":48,"column":0},"end":{"line":48,"column":2}},"48":{"start":{"line":49,"column":0},"end":{"line":49,"column":0}},"49":{"start":{"line":50,"column":0},"end":{"line":50,"column":45}},"50":{"start":{"line":51,"column":0},"end":{"line":51,"column":45}}},"s":{"0":1,"1":1,"2":1,"3":1,"4":1,"5":1,"6":1,"7":1,"8":1,"9":1,"10":1,"11":1,"12":1,"13":1,"14":1,"15":1,"16":1,"17":1,"18":1,"19":1,"20":1,"21":1,"22":1,"23":1,"24":1,"25":1,"26":1,"27":1,"28":1,"29":1,"30":1,"31":1,"32":1,"33":1,"34":1,"35":1,"36":3,"37":1,"38":1,"39":2,"40":2,"41":1,"42":1,"43":1,"44":1,"45":1,"46":1,"47":1,"48":1,"49":1,"50":1},"branchMap":{"0":{"type":"branch","line":30,"loc":{"start":{"line":30,"column":17},"end":{"line":32,"column":9}},"locations":[{"start":{"line":30,"column":17},"end":{"line":32,"column":9}}]},"1":{"type":"branch","line":33,"loc":{"start":{"line":33,"column":23},"end":{"line":35,"column":9}},"locations":[{"start":{"line":33,"column":23},"end":{"line":35,"column":9}}]},"2":{"type":"branch","line":36,"loc":{"start":{"line":36,"column":35},"end":{"line":38,"column":9}},"locations":[{"start":{"line":36,"column":35},"end":{"line":38,"column":9}}]},"3":{"type":"branch","line":39,"loc":{"start":{"line":39,"column":39},"end":{"line":42,"column":9}},"locations":[{"start":{"line":39,"column":39},"end":{"line":42,"column":9}}]},"4":{"type":"branch","line":43,"loc":{"start":{"line":43,"column":27},"end":{"line":46,"column":9}},"locations":[{"start":{"line":43,"column":27},"end":{"line":46,"column":9}}]}},"b":{"0":[1],"1":[1],"2":[3],"3":[2],"4":[1]},"fnMap":{"0":{"name":"setStep","decl":{"start":{"line":30,"column":17},"end":{"line":32,"column":9}},"loc":{"start":{"line":30,"column":17},"end":{"line":32,"column":9}},"line":30},"1":{"name":"choosePlayers","decl":{"start":{"line":33,"column":23},"end":{"line":35,"column":9}},"loc":{"start":{"line":33,"column":23},"end":{"line":35,"column":9}},"line":33},"2":{"name":"handleLoadingBattlefields","decl":{"start":{"line":36,"column":35},"end":{"line":38,"column":9}},"loc":{"start":{"line":36,"column":35},"end":{"line":38,"column":9}},"line":36},"3":{"name":"handleFetchBattlefieldsError","decl":{"start":{"line":39,"column":39},"end":{"line":42,"column":9}},"loc":{"start":{"line":39,"column":39},"end":{"line":42,"column":9}},"line":39},"4":{"name":"storeBattlefields","decl":{"start":{"line":43,"column":27},"end":{"line":46,"column":9}},"loc":{"start":{"line":43,"column":27},"end":{"line":46,"column":9}},"line":43}},"f":{"0":1,"1":1,"2":3,"3":2,"4":1}}
,"/Volumes/backup/Organismes/3WA_Groupe/CDA33AB/squadforge_starter/src/modules/shared/error.utils.ts": {"path":"/Volumes/backup/Organismes/3WA_Groupe/CDA33AB/squadforge_starter/src/modules/shared/error.utils.ts","all":false,"statementMap":{"0":{"start":{"line":1,"column":0},"end":{"line":1,"column":64}},"1":{"start":{"line":2,"column":0},"end":{"line":2,"column":32}},"2":{"start":{"line":3,"column":0},"end":{"line":3,"column":28}},"3":{"start":{"line":4,"column":0},"end":{"line":4,"column":5}},"4":{"start":{"line":5,"column":0},"end":{"line":5,"column":26}},"5":{"start":{"line":6,"column":0},"end":{"line":6,"column":1}}},"s":{"0":1,"1":2,"2":2,"3":2,"4":0,"5":0},"branchMap":{"0":{"type":"branch","line":1,"loc":{"start":{"line":1,"column":35},"end":{"line":6,"column":1}},"locations":[{"start":{"line":1,"column":35},"end":{"line":6,"column":1}}]},"1":{"type":"branch","line":5,"loc":{"start":{"line":5,"column":-1},"end":{"line":6,"column":1}},"locations":[{"start":{"line":5,"column":-1},"end":{"line":6,"column":1}}]}},"b":{"0":[2],"1":[0]},"fnMap":{"0":{"name":"extractErrorMessage","decl":{"start":{"line":1,"column":35},"end":{"line":6,"column":1}},"loc":{"start":{"line":1,"column":35},"end":{"line":6,"column":1}},"line":1}},"f":{"0":2}}
,"/Volumes/backup/Organismes/3WA_Groupe/CDA33AB/squadforge_starter/src/modules/store/store.ts": {"path":"/Volumes/backup/Organismes/3WA_Groupe/CDA33AB/squadforge_starter/src/modules/store/store.ts","all":false,"statementMap":{"0":{"start":{"line":1,"column":0},"end":{"line":1,"column":93}},"1":{"start":{"line":2,"column":0},"end":{"line":2,"column":42}},"2":{"start":{"line":3,"column":0},"end":{"line":3,"column":85}},"3":{"start":{"line":4,"column":0},"end":{"line":4,"column":60}},"4":{"start":{"line":5,"column":0},"end":{"line":5,"column":46}},"5":{"start":{"line":6,"column":0},"end":{"line":6,"column":83}},"6":{"start":{"line":7,"column":0},"end":{"line":7,"column":0}},"7":{"start":{"line":8,"column":0},"end":{"line":8,"column":34}},"8":{"start":{"line":9,"column":0},"end":{"line":9,"column":21}},"9":{"start":{"line":10,"column":0},"end":{"line":10,"column":3}},"10":{"start":{"line":11,"column":0},"end":{"line":11,"column":0}},"11":{"start":{"line":12,"column":0},"end":{"line":12,"column":54}},"12":{"start":{"line":13,"column":0},"end":{"line":13,"column":51}},"13":{"start":{"line":14,"column":0},"end":{"line":14,"column":47}},"14":{"start":{"line":15,"column":0},"end":{"line":15,"column":47}},"15":{"start":{"line":16,"column":0},"end":{"line":16,"column":0}},"16":{"start":{"line":17,"column":0},"end":{"line":17,"column":0}},"17":{"start":{"line":18,"column":0},"end":{"line":18,"column":37}},"18":{"start":{"line":19,"column":0},"end":{"line":19,"column":27}},"19":{"start":{"line":20,"column":0},"end":{"line":20,"column":31}},"20":{"start":{"line":21,"column":0},"end":{"line":21,"column":7}},"21":{"start":{"line":22,"column":0},"end":{"line":22,"column":34}},"22":{"start":{"line":23,"column":0},"end":{"line":23,"column":45}},"23":{"start":{"line":24,"column":0},"end":{"line":24,"column":26}},"24":{"start":{"line":25,"column":0},"end":{"line":25,"column":23}},"25":{"start":{"line":26,"column":0},"end":{"line":26,"column":47}},"26":{"start":{"line":27,"column":0},"end":{"line":27,"column":56}},"27":{"start":{"line":28,"column":0},"end":{"line":28,"column":47}},"28":{"start":{"line":29,"column":0},"end":{"line":29,"column":46}},"29":{"start":{"line":30,"column":0},"end":{"line":30,"column":0}},"30":{"start":{"line":31,"column":0},"end":{"line":31,"column":41}},"31":{"start":{"line":32,"column":0},"end":{"line":32,"column":24}},"32":{"start":{"line":33,"column":0},"end":{"line":33,"column":55}},"33":{"start":{"line":34,"column":0},"end":{"line":34,"column":17}},"34":{"start":{"line":35,"column":0},"end":{"line":35,"column":43}},"35":{"start":{"line":36,"column":0},"end":{"line":36,"column":9}},"36":{"start":{"line":37,"column":0},"end":{"line":37,"column":6}},"37":{"start":{"line":38,"column":0},"end":{"line":38,"column":0}},"38":{"start":{"line":39,"column":0},"end":{"line":39,"column":17}},"39":{"start":{"line":40,"column":0},"end":{"line":40,"column":1}},"40":{"start":{"line":41,"column":0},"end":{"line":41,"column":0}},"41":{"start":{"line":42,"column":0},"end":{"line":42,"column":63}}},"s":{"0":1,"1":1,"2":1,"3":1,"4":1,"5":1,"6":1,"7":1,"8":1,"9":1,"10":1,"11":1,"12":1,"13":1,"14":1,"15":1,"16":1,"17":1,"18":6,"19":6,"20":6,"21":6,"22":6,"23":6,"24":6,"25":6,"26":6,"27":6,"28":6,"29":6,"30":6,"31":6,"32":6,"33":6,"34":6,"35":6,"36":6,"37":6,"38":6,"39":6,"40":1,"41":1},"branchMap":{"0":{"type":"branch","line":18,"loc":{"start":{"line":18,"column":27},"end":{"line":40,"column":1}},"locations":[{"start":{"line":18,"column":27},"end":{"line":40,"column":1}}]},"1":{"type":"branch","line":23,"loc":{"start":{"line":23,"column":30},"end":{"line":23,"column":32}},"locations":[{"start":{"line":23,"column":30},"end":{"line":23,"column":32}}]},"2":{"type":"branch","line":26,"loc":{"start":{"line":26,"column":20},"end":{"line":36,"column":9}},"locations":[{"start":{"line":26,"column":20},"end":{"line":36,"column":9}}]}},"b":{"0":[6],"1":[0],"2":[6]},"fnMap":{"0":{"name":"createStore","decl":{"start":{"line":18,"column":27},"end":{"line":40,"column":1}},"loc":{"start":{"line":18,"column":27},"end":{"line":40,"column":1}},"line":18},"1":{"name":"middleware","decl":{"start":{"line":26,"column":20},"end":{"line":36,"column":9}},"loc":{"start":{"line":26,"column":20},"end":{"line":36,"column":9}},"line":26},"2":{"name":"useAppDispatch","decl":{"start":{"line":42,"column":30},"end":{"line":42,"column":62}},"loc":{"start":{"line":42,"column":30},"end":{"line":42,"column":62}},"line":42}},"f":{"0":6,"1":6,"2":0}}
,"/Volumes/backup/Organismes/3WA_Groupe/CDA33AB/squadforge_starter/src/modules/testing/tests-environment.ts": {"path":"/Volumes/backup/Organismes/3WA_Groupe/CDA33AB/squadforge_starter/src/modules/testing/tests-environment.ts","all":false,"statementMap":{"0":{"start":{"line":1,"column":0},"end":{"line":1,"column":53}},"1":{"start":{"line":2,"column":0},"end":{"line":2,"column":55}},"2":{"start":{"line":3,"column":0},"end":{"line":3,"column":0}},"3":{"start":{"line":4,"column":0},"end":{"line":4,"column":28}},"4":{"start":{"line":5,"column":0},"end":{"line":5,"column":40}},"5":{"start":{"line":6,"column":0},"end":{"line":6,"column":21}},"6":{"start":{"line":7,"column":0},"end":{"line":7,"column":20}},"7":{"start":{"line":8,"column":0},"end":{"line":8,"column":3}},"8":{"start":{"line":9,"column":0},"end":{"line":9,"column":0}},"9":{"start":{"line":10,"column":0},"end":{"line":10,"column":42}},"10":{"start":{"line":11,"column":0},"end":{"line":11,"column":37}},"11":{"start":{"line":12,"column":0},"end":{"line":12,"column":41}},"12":{"start":{"line":13,"column":0},"end":{"line":13,"column":7}},"13":{"start":{"line":14,"column":0},"end":{"line":14,"column":38}},"14":{"start":{"line":15,"column":0},"end":{"line":15,"column":63}},"15":{"start":{"line":16,"column":0},"end":{"line":16,"column":7}},"16":{"start":{"line":17,"column":0},"end":{"line":17,"column":0}},"17":{"start":{"line":18,"column":0},"end":{"line":18,"column":26}},"18":{"start":{"line":19,"column":0},"end":{"line":19,"column":35}},"19":{"start":{"line":20,"column":0},"end":{"line":20,"column":32}},"20":{"start":{"line":21,"column":0},"end":{"line":21,"column":6}},"21":{"start":{"line":22,"column":0},"end":{"line":22,"column":0}},"22":{"start":{"line":23,"column":0},"end":{"line":23,"column":31}},"23":{"start":{"line":24,"column":0},"end":{"line":24,"column":63}},"24":{"start":{"line":25,"column":0},"end":{"line":25,"column":7}},"25":{"start":{"line":26,"column":0},"end":{"line":26,"column":0}},"26":{"start":{"line":27,"column":0},"end":{"line":27,"column":17}},"27":{"start":{"line":28,"column":0},"end":{"line":28,"column":2}},"28":{"start":{"line":29,"column":0},"end":{"line":29,"column":0}},"29":{"start":{"line":30,"column":0},"end":{"line":30,"column":70}},"30":{"start":{"line":31,"column":0},"end":{"line":31,"column":31}},"31":{"start":{"line":32,"column":0},"end":{"line":32,"column":43}},"32":{"start":{"line":33,"column":0},"end":{"line":33,"column":7}},"33":{"start":{"line":34,"column":0},"end":{"line":34,"column":0}},"34":{"start":{"line":35,"column":0},"end":{"line":35,"column":47}},"35":{"start":{"line":36,"column":0},"end":{"line":36,"column":0}},"36":{"start":{"line":37,"column":0},"end":{"line":37,"column":20}},"37":{"start":{"line":38,"column":0},"end":{"line":38,"column":29}},"38":{"start":{"line":39,"column":0},"end":{"line":39,"column":24}},"39":{"start":{"line":40,"column":0},"end":{"line":40,"column":6}},"40":{"start":{"line":41,"column":0},"end":{"line":41,"column":0}},"41":{"start":{"line":42,"column":0},"end":{"line":42,"column":64}},"42":{"start":{"line":43,"column":0},"end":{"line":43,"column":2}}},"s":{"0":1,"1":1,"2":1,"3":1,"4":6,"5":6,"6":6,"7":1,"8":1,"9":1,"10":3,"11":3,"12":3,"13":3,"14":3,"15":3,"16":3,"17":3,"18":3,"19":3,"20":3,"21":3,"22":3,"23":3,"24":3,"25":3,"26":3,"27":3,"28":1,"29":1,"30":0,"31":0,"32":0,"33":0,"34":0,"35":0,"36":0,"37":0,"38":0,"39":0,"40":0,"41":0,"42":0},"branchMap":{"0":{"type":"branch","line":4,"loc":{"start":{"line":4,"column":27},"end":{"line":7,"column":20}},"locations":[{"start":{"line":4,"column":27},"end":{"line":7,"column":20}}]},"1":{"type":"branch","line":10,"loc":{"start":{"line":10,"column":31},"end":{"line":28,"column":2}},"locations":[{"start":{"line":10,"column":31},"end":{"line":28,"column":2}}]},"2":{"type":"branch","line":15,"loc":{"start":{"line":15,"column":47},"end":{"line":15,"column":49}},"locations":[{"start":{"line":15,"column":47},"end":{"line":15,"column":49}}]},"3":{"type":"branch","line":15,"loc":{"start":{"line":15,"column":47},"end":{"line":15,"column":61}},"locations":[{"start":{"line":15,"column":47},"end":{"line":15,"column":61}}]},"4":{"type":"branch","line":20,"loc":{"start":{"line":20,"column":17},"end":{"line":20,"column":19}},"locations":[{"start":{"line":20,"column":17},"end":{"line":20,"column":19}}]},"5":{"type":"branch","line":20,"loc":{"start":{"line":20,"column":17},"end":{"line":20,"column":31}},"locations":[{"start":{"line":20,"column":17},"end":{"line":20,"column":31}}]},"6":{"type":"branch","line":24,"loc":{"start":{"line":24,"column":47},"end":{"line":24,"column":49}},"locations":[{"start":{"line":24,"column":47},"end":{"line":24,"column":49}}]},"7":{"type":"branch","line":24,"loc":{"start":{"line":24,"column":47},"end":{"line":24,"column":61}},"locations":[{"start":{"line":24,"column":47},"end":{"line":24,"column":61}}]}},"b":{"0":[6],"1":[3],"2":[1],"3":[2],"4":[1],"5":[2],"6":[1],"7":[2]},"fnMap":{"0":{"name":"createDependencies","decl":{"start":{"line":4,"column":27},"end":{"line":7,"column":20}},"loc":{"start":{"line":4,"column":27},"end":{"line":7,"column":20}},"line":4},"1":{"name":"createTestStore","decl":{"start":{"line":10,"column":31},"end":{"line":28,"column":2}},"loc":{"start":{"line":10,"column":31},"end":{"line":28,"column":2}},"line":10},"2":{"name":"createTestState","decl":{"start":{"line":30,"column":31},"end":{"line":43,"column":2}},"loc":{"start":{"line":30,"column":31},"end":{"line":43,"column":2}},"line":30}},"f":{"0":6,"1":3,"2":0}}
}
