TN:
SF:src/modules/game/core/actions/choose-battlefield.action.ts
FN:4,chooseBattlefield
FNF:1
FNH:1
FNDA:1,chooseBattlefield
DA:1,1
DA:2,1
DA:3,1
DA:4,1
DA:5,1
DA:6,1
LF:6
LH:6
BRDA:4,0,0,1
BRDA:4,1,0,1
BRF:2
BRH:2
end_of_record
TN:
SF:src/modules/game/core/actions/choose-players.action.ts
FN:5,choosePlayers
FNF:1
FNH:1
FNDA:1,choosePlayers
DA:1,1
DA:2,1
DA:3,1
DA:4,1
DA:5,1
DA:6,1
DA:7,1
LF:7
LH:7
BRDA:5,0,0,1
BRDA:5,1,0,1
BRDA:5,2,0,1
BRF:3
BRH:3
end_of_record
TN:
SF:src/modules/game/core/actions/fetch-battlefields.action.ts
FN:6,fetchBattlefields
FNF:1
FNH:1
FNDA:3,fetchBattlefields
DA:1,1
DA:2,1
DA:3,1
DA:4,1
DA:5,1
DA:6,1
DA:7,3
DA:8,3
DA:9,3
DA:10,3
DA:11,3
DA:12,3
DA:13,3
DA:14,1
DA:15,2
DA:16,2
DA:17,2
DA:18,3
LF:18
LH:18
BRDA:6,0,0,3
BRDA:10,1,0,3
BRDA:14,2,0,2
BRDA:14,3,0,1
BRF:4
BRH:4
end_of_record
TN:
SF:src/modules/game/core/form/players-form.ts
FN:7,addPlayer
FN:24,removePlayer
FN:36,changeTeamLeader
FN:43,isSubmittable
FN:51,updatePlayer
FNF:5
FNH:5
FNDA:3,addPlayer
FNDA:4,removePlayer
FNDA:3,changeTeamLeader
FNDA:3,isSubmittable
FNDA:4,updatePlayer
DA:1,1
DA:2,1
DA:3,1
DA:4,1
DA:5,1
DA:6,1
DA:7,1
DA:8,3
DA:9,3
DA:10,3
DA:11,3
DA:12,3
DA:13,3
DA:14,3
DA:15,3
DA:16,3
DA:17,3
DA:18,3
DA:19,3
DA:20,3
DA:21,3
DA:22,3
DA:23,1
DA:24,1
DA:25,4
DA:26,4
DA:27,4
DA:28,3
DA:29,3
DA:30,4
DA:31,2
DA:32,2
DA:33,4
DA:34,4
DA:35,1
DA:36,1
DA:37,3
DA:38,3
DA:39,3
DA:40,3
DA:41,3
DA:42,1
DA:43,1
DA:44,3
DA:45,3
DA:46,3
DA:47,3
DA:48,1
DA:49,3
DA:50,1
DA:51,1
DA:52,4
DA:53,4
DA:54,4
DA:55,4
DA:56,4
DA:57,4
DA:58,4
DA:59,4
DA:60,3
DA:61,4
DA:62,4
DA:63,1
LF:63
LH:63
BRDA:7,0,0,3
BRDA:8,1,0,3
BRDA:24,2,0,4
BRDA:25,3,0,4
BRDA:27,4,0,1
BRDA:28,5,0,3
BRDA:30,6,0,2
BRDA:26,7,0,3
BRDA:36,8,0,3
BRDA:37,9,0,3
BRDA:39,10,0,2
BRDA:39,11,0,1
BRDA:38,12,0,3
BRDA:43,13,0,3
BRDA:44,14,0,2
BRDA:45,15,0,1
BRDA:46,16,0,1
BRDA:47,17,0,1
BRDA:45,18,0,3
BRDA:46,19,0,2
BRDA:47,20,0,2
BRDA:48,21,0,2
BRDA:51,22,0,4
BRDA:57,23,0,4
BRDA:59,24,0,1
BRDA:60,25,0,3
BRDA:58,26,0,4
BRF:27
BRH:27
end_of_record
TN:
SF:src/modules/game/core/form/stuff-form.ts
FN:5,isStuffType
FN:9,hasRequiredRole
FN:13,getSelectableWeapons
FN:25,getSelectableGadgets
FN:37,getSelectableSkills
FN:49,assignWeapon
FNF:6
FNH:6
FNDA:36,isStuffType
FNDA:12,hasRequiredRole
FNDA:3,getSelectableWeapons
FNDA:3,getSelectableGadgets
FNDA:3,getSelectableSkills
FNDA:3,assignWeapon
DA:1,1
DA:2,1
DA:3,1
DA:4,1
DA:5,1
DA:6,36
DA:7,36
DA:8,1
DA:9,1
DA:10,12
DA:11,12
DA:12,1
DA:13,1
DA:14,3
DA:15,12
DA:16,12
DA:17,4
DA:18,12
DA:19,10
DA:20,10
DA:21,2
DA:22,3
DA:23,3
DA:24,1
DA:25,1
DA:26,3
DA:27,12
DA:28,12
DA:29,4
DA:30,12
DA:31,10
DA:32,10
DA:33,2
DA:34,3
DA:35,3
DA:36,1
DA:37,1
DA:38,3
DA:39,12
DA:40,12
DA:41,4
DA:42,12
DA:43,10
DA:44,10
DA:45,2
DA:46,3
DA:47,3
DA:48,1
DA:49,1
DA:50,3
DA:51,3
DA:52,3
DA:53,2
DA:54,3
DA:55,3
DA:56,1
LF:56
LH:56
BRDA:5,0,0,36
BRDA:9,1,0,12
BRDA:13,2,0,3
BRDA:14,3,0,12
BRDA:16,4,0,4
BRDA:18,5,0,10
BRDA:21,6,0,2
BRDA:25,7,0,3
BRDA:26,8,0,12
BRDA:28,9,0,4
BRDA:30,10,0,10
BRDA:33,11,0,2
BRDA:37,12,0,3
BRDA:38,13,0,12
BRDA:40,14,0,4
BRDA:42,15,0,10
BRDA:45,16,0,2
BRDA:49,17,0,3
BRDA:50,18,0,3
BRDA:52,19,0,1
BRDA:53,20,0,2
BRDA:51,21,0,4
BRF:22
BRH:22
end_of_record
TN:
SF:src/modules/game/core/listeners/fetcher.listener.ts
FN:6,registerFetcherListeners
FN:9,effect
FNF:2
FNH:2
FNDA:8,registerFetcherListeners
FNDA:2,effect
DA:1,1
DA:2,1
DA:3,1
DA:4,1
DA:5,1
DA:6,1
DA:7,8
DA:8,8
DA:9,8
DA:10,2
DA:11,2
DA:12,1
DA:13,1
DA:14,2
DA:15,2
DA:16,8
DA:17,8
LF:17
LH:17
BRDA:6,0,0,8
BRDA:9,1,0,2
BRDA:11,2,0,1
BRF:3
BRH:3
end_of_record
TN:
SF:src/modules/game/core/listeners/game-step.listener.ts
FN:5,registerGameStepListener
FN:8,effect
FN:15,effect
FNF:3
FNH:3
FNDA:8,registerGameStepListener
FNDA:1,effect
FNDA:1,effect
DA:1,1
DA:2,1
DA:3,1
DA:4,1
DA:5,1
DA:6,8
DA:7,8
DA:8,8
DA:9,1
DA:10,1
DA:11,8
DA:12,8
DA:13,8
DA:14,8
DA:15,8
DA:16,1
DA:17,1
DA:18,8
DA:19,8
LF:19
LH:19
BRDA:5,0,0,8
BRDA:8,1,0,1
BRDA:15,2,0,1
BRF:3
BRH:3
end_of_record
TN:
SF:src/modules/game/core/model/battlefield-factory.ts
FN:4,create
FNF:1
FNH:1
FNDA:1,create
DA:1,1
DA:2,1
DA:3,1
DA:4,1
DA:5,1
DA:6,1
DA:7,1
DA:8,1
DA:9,1
DA:10,1
DA:11,1
DA:12,1
LF:12
LH:12
BRDA:4,0,0,1
BRF:1
BRH:1
end_of_record
TN:
SF:src/modules/game/core/model/game.model.ts
FNF:0
FNH:0
DA:1,4
DA:2,4
DA:3,4
DA:4,4
DA:5,4
DA:6,4
DA:7,4
DA:8,4
DA:9,4
DA:10,4
DA:11,4
DA:12,4
DA:13,4
DA:14,4
DA:15,4
DA:16,4
DA:17,4
DA:18,4
DA:19,4
DA:20,4
DA:21,4
DA:22,4
DA:23,4
DA:24,4
DA:25,4
DA:26,4
DA:27,4
DA:28,4
DA:29,4
DA:30,4
DA:31,4
DA:32,4
DA:33,4
DA:34,4
DA:35,4
DA:36,4
DA:37,4
DA:38,4
DA:39,4
DA:40,4
DA:41,4
DA:42,4
DA:43,4
DA:44,4
DA:45,4
DA:46,4
DA:47,4
DA:48,4
DA:49,4
DA:50,4
DA:51,4
DA:52,4
DA:53,4
DA:54,4
DA:55,4
LF:55
LH:55
BRDA:1,0,0,4
BRDA:2,1,0,4
BRDA:12,2,0,4
BRDA:31,3,0,4
BRF:4
BRH:4
end_of_record
TN:
SF:src/modules/game/core/model/player-factory.ts
FN:4,create
FNF:1
FNH:1
FNDA:3,create
DA:1,1
DA:2,1
DA:3,1
DA:4,1
DA:5,3
DA:6,3
DA:7,3
DA:8,3
DA:9,3
DA:10,3
DA:11,3
DA:12,3
DA:13,3
DA:14,3
DA:15,3
DA:16,3
DA:17,3
DA:18,3
DA:19,1
LF:19
LH:19
BRDA:4,0,0,3
BRF:1
BRH:1
end_of_record
TN:
SF:src/modules/game/core/model/stuff-factory.ts
FN:4,create
FNF:1
FNH:1
FNDA:6,create
DA:1,1
DA:2,1
DA:3,1
DA:4,1
DA:5,6
DA:6,6
DA:7,6
DA:8,6
DA:9,6
DA:10,6
DA:11,6
DA:12,6
DA:13,1
LF:13
LH:13
BRDA:4,0,0,6
BRF:1
BRH:1
end_of_record
TN:
SF:src/modules/game/core/store/game.slice.ts
FN:31,setStep
FN:34,choosePlayers
FN:37,handleLoadingBattlefields
FN:40,handleFetchBattlefieldsError
FN:44,storeBattlefields
FN:48,chooseBattlefield
FNF:6
FNH:6
FNDA:2,setStep
FNDA:1,choosePlayers
FNDA:3,handleLoadingBattlefields
FNDA:2,handleFetchBattlefieldsError
FNDA:1,storeBattlefields
FNDA:1,chooseBattlefield
DA:1,1
DA:2,1
DA:3,1
DA:4,1
DA:5,1
DA:6,1
DA:7,1
DA:8,1
DA:9,1
DA:10,1
DA:11,1
DA:12,1
DA:13,1
DA:14,1
DA:15,1
DA:16,1
DA:17,1
DA:18,1
DA:19,1
DA:20,1
DA:21,1
DA:22,1
DA:23,1
DA:24,1
DA:25,1
DA:26,1
DA:27,1
DA:28,1
DA:29,1
DA:30,1
DA:31,1
DA:32,2
DA:33,1
DA:34,1
DA:35,1
DA:36,1
DA:37,1
DA:38,3
DA:39,1
DA:40,1
DA:41,2
DA:42,2
DA:43,1
DA:44,1
DA:45,1
DA:46,1
DA:47,1
DA:48,1
DA:49,1
DA:50,1
DA:51,1
DA:52,1
DA:53,1
DA:54,1
DA:55,1
LF:55
LH:55
BRDA:31,0,0,2
BRDA:34,1,0,1
BRDA:37,2,0,3
BRDA:40,3,0,2
BRDA:44,4,0,1
BRDA:48,5,0,1
BRF:6
BRH:6
end_of_record
TN:
SF:src/modules/shared/error.utils.ts
FN:1,extractErrorMessage
FNF:1
FNH:1
FNDA:2,extractErrorMessage
DA:1,1
DA:2,2
DA:3,2
DA:4,2
DA:5,0
DA:6,0
LF:6
LH:4
BRDA:1,0,0,2
BRDA:5,1,0,0
BRF:2
BRH:1
end_of_record
TN:
SF:src/modules/store/store.ts
FN:18,createStore
FN:26,middleware
FN:42,useAppDispatch
FNF:3
FNH:2
FNDA:8,createStore
FNDA:8,middleware
FNDA:0,useAppDispatch
DA:1,1
DA:2,1
DA:3,1
DA:4,1
DA:5,1
DA:6,1
DA:7,1
DA:8,1
DA:9,1
DA:10,1
DA:11,1
DA:12,1
DA:13,1
DA:14,1
DA:15,1
DA:16,1
DA:17,1
DA:18,1
DA:19,8
DA:20,8
DA:21,8
DA:22,8
DA:23,8
DA:24,8
DA:25,8
DA:26,8
DA:27,8
DA:28,8
DA:29,8
DA:30,8
DA:31,8
DA:32,8
DA:33,8
DA:34,8
DA:35,8
DA:36,8
DA:37,8
DA:38,8
DA:39,8
DA:40,8
DA:41,1
DA:42,1
LF:42
LH:42
BRDA:18,0,0,8
BRDA:23,1,0,0
BRDA:26,2,0,8
BRF:3
BRH:2
end_of_record
TN:
SF:src/modules/testing/tests-environment.ts
FN:4,createDependencies
FN:10,createTestStore
FN:30,createTestState
FNF:3
FNH:2
FNDA:8,createDependencies
FNDA:4,createTestStore
FNDA:0,createTestState
DA:1,1
DA:2,1
DA:3,1
DA:4,1
DA:5,8
DA:6,8
DA:7,8
DA:8,1
DA:9,1
DA:10,1
DA:11,4
DA:12,4
DA:13,4
DA:14,4
DA:15,4
DA:16,4
DA:17,4
DA:18,4
DA:19,4
DA:20,4
DA:21,4
DA:22,4
DA:23,4
DA:24,4
DA:25,4
DA:26,4
DA:27,4
DA:28,4
DA:29,1
DA:30,1
DA:31,0
DA:32,0
DA:33,0
DA:34,0
DA:35,0
DA:36,0
DA:37,0
DA:38,0
DA:39,0
DA:40,0
DA:41,0
DA:42,0
DA:43,0
LF:43
LH:30
BRDA:4,0,0,8
BRDA:10,1,0,4
BRDA:15,2,0,2
BRDA:15,3,0,2
BRDA:20,4,0,2
BRDA:20,5,0,2
BRDA:24,6,0,2
BRDA:24,7,0,2
BRF:8
BRH:8
end_of_record
