TN:
SF:src/modules/game/core/actions/choose-players.action.ts
FN:5,choosePlayers
FNF:1
FNH:1
FNDA:1,choosePlayers
DA:1,1
DA:2,1
DA:3,1
DA:4,1
DA:5,1
DA:6,1
DA:7,1
LF:7
LH:7
BRDA:5,0,0,1
BRDA:5,1,0,1
BRDA:5,2,0,1
BRF:3
BRH:3
end_of_record
TN:
SF:src/modules/game/core/actions/fetch-battlefields.action.ts
FN:6,fetchBattlefields
FNF:1
FNH:1
FNDA:3,fetchBattlefields
DA:1,1
DA:2,1
DA:3,1
DA:4,1
DA:5,1
DA:6,1
DA:7,3
DA:8,3
DA:9,3
DA:10,3
DA:11,3
DA:12,3
DA:13,3
DA:14,1
DA:15,2
DA:16,2
DA:17,2
DA:18,3
LF:18
LH:18
BRDA:6,0,0,3
BRDA:10,1,0,3
BRDA:14,2,0,2
BRDA:14,3,0,1
BRF:4
BRH:4
end_of_record
TN:
SF:src/modules/game/core/form/players-form.ts
FN:7,addPlayer
FN:18,removePlayer
FN:30,changeTeamLeader
FN:37,isSubmittable
FN:44,updatePlayer
FNF:5
FNH:5
FNDA:3,addPlayer
FNDA:4,removePlayer
FNDA:3,changeTeamLeader
FNDA:3,isSubmittable
FNDA:4,updatePlayer
DA:1,1
DA:2,1
DA:3,1
DA:4,1
DA:5,1
DA:6,1
DA:7,1
DA:8,3
DA:9,3
DA:10,3
DA:11,3
DA:12,3
DA:13,3
DA:14,3
DA:15,3
DA:16,3
DA:17,1
DA:18,1
DA:19,4
DA:20,4
DA:21,4
DA:22,3
DA:23,3
DA:24,4
DA:25,2
DA:26,2
DA:27,4
DA:28,4
DA:29,1
DA:30,1
DA:31,3
DA:32,3
DA:33,3
DA:34,3
DA:35,3
DA:36,1
DA:37,1
DA:38,3
DA:39,3
DA:40,3
DA:41,1
DA:42,3
DA:43,1
DA:44,1
DA:45,4
DA:46,4
DA:47,4
DA:48,4
DA:49,4
DA:50,4
DA:51,4
DA:52,4
DA:53,3
DA:54,4
DA:55,4
DA:56,1
LF:56
LH:56
BRDA:7,0,0,3
BRDA:8,1,0,3
BRDA:18,2,0,4
BRDA:19,3,0,4
BRDA:21,4,0,1
BRDA:22,5,0,3
BRDA:24,6,0,2
BRDA:20,7,0,3
BRDA:30,8,0,3
BRDA:31,9,0,3
BRDA:33,10,0,2
BRDA:33,11,0,1
BRDA:32,12,0,3
BRDA:37,13,0,3
BRDA:38,14,0,2
BRDA:39,15,0,1
BRDA:40,16,0,1
BRDA:39,17,0,3
BRDA:40,18,0,2
BRDA:41,19,0,2
BRDA:44,20,0,4
BRDA:50,21,0,4
BRDA:52,22,0,1
BRDA:53,23,0,3
BRDA:51,24,0,4
BRF:25
BRH:25
end_of_record
TN:
SF:src/modules/game/core/listeners/fetcher.listener.ts
FN:6,registerFetcherListeners
FN:9,effect
FNF:2
FNH:2
FNDA:6,registerFetcherListeners
FNDA:1,effect
DA:1,1
DA:2,1
DA:3,1
DA:4,1
DA:5,1
DA:6,1
DA:7,6
DA:8,6
DA:9,6
DA:10,1
DA:11,1
DA:12,1
DA:13,1
DA:14,1
DA:15,1
DA:16,6
DA:17,6
LF:17
LH:17
BRDA:6,0,0,6
BRDA:9,1,0,1
BRF:2
BRH:2
end_of_record
TN:
SF:src/modules/game/core/listeners/game-step.listener.ts
FN:5,registerGameStepListener
FN:8,effect
FNF:2
FNH:2
FNDA:6,registerGameStepListener
FNDA:1,effect
DA:1,1
DA:2,1
DA:3,1
DA:4,1
DA:5,1
DA:6,6
DA:7,6
DA:8,6
DA:9,1
DA:10,1
DA:11,6
DA:12,6
LF:12
LH:12
BRDA:5,0,0,6
BRDA:8,1,0,1
BRF:2
BRH:2
end_of_record
TN:
SF:src/modules/game/core/model/battlefield-factory.ts
FN:4,create
FNF:1
FNH:1
FNDA:1,create
DA:1,1
DA:2,1
DA:3,1
DA:4,1
DA:5,1
DA:6,1
DA:7,1
DA:8,1
DA:9,1
DA:10,1
DA:11,1
DA:12,1
LF:12
LH:12
BRDA:4,0,0,1
BRF:1
BRH:1
end_of_record
TN:
SF:src/modules/game/core/model/game.model.ts
FNF:0
FNH:0
DA:1,2
DA:2,2
DA:3,2
DA:4,2
DA:5,2
DA:6,2
DA:7,2
DA:8,2
DA:9,2
DA:10,2
DA:11,2
DA:12,2
DA:13,2
DA:14,2
DA:15,2
DA:16,2
DA:17,2
DA:18,2
DA:19,2
DA:20,2
DA:21,2
DA:22,2
DA:23,2
DA:24,2
DA:25,2
DA:26,2
DA:27,2
LF:27
LH:27
BRDA:1,0,0,2
BRDA:2,1,0,2
BRF:2
BRH:2
end_of_record
TN:
SF:src/modules/game/core/model/player-factory.ts
FN:4,create
FNF:1
FNH:1
FNDA:3,create
DA:1,1
DA:2,1
DA:3,1
DA:4,1
DA:5,3
DA:6,3
DA:7,3
DA:8,3
DA:9,3
DA:10,3
DA:11,3
DA:12,3
DA:13,1
LF:13
LH:13
BRDA:4,0,0,3
BRF:1
BRH:1
end_of_record
TN:
SF:src/modules/game/core/store/game.slice.ts
FN:30,setStep
FN:33,choosePlayers
FN:36,handleLoadingBattlefields
FN:39,handleFetchBattlefieldsError
FN:43,storeBattlefields
FNF:5
FNH:5
FNDA:1,setStep
FNDA:1,choosePlayers
FNDA:3,handleLoadingBattlefields
FNDA:2,handleFetchBattlefieldsError
FNDA:1,storeBattlefields
DA:1,1
DA:2,1
DA:3,1
DA:4,1
DA:5,1
DA:6,1
DA:7,1
DA:8,1
DA:9,1
DA:10,1
DA:11,1
DA:12,1
DA:13,1
DA:14,1
DA:15,1
DA:16,1
DA:17,1
DA:18,1
DA:19,1
DA:20,1
DA:21,1
DA:22,1
DA:23,1
DA:24,1
DA:25,1
DA:26,1
DA:27,1
DA:28,1
DA:29,1
DA:30,1
DA:31,1
DA:32,1
DA:33,1
DA:34,1
DA:35,1
DA:36,1
DA:37,3
DA:38,1
DA:39,1
DA:40,2
DA:41,2
DA:42,1
DA:43,1
DA:44,1
DA:45,1
DA:46,1
DA:47,1
DA:48,1
DA:49,1
DA:50,1
DA:51,1
LF:51
LH:51
BRDA:30,0,0,1
BRDA:33,1,0,1
BRDA:36,2,0,3
BRDA:39,3,0,2
BRDA:43,4,0,1
BRF:5
BRH:5
end_of_record
TN:
SF:src/modules/shared/error.utils.ts
FN:1,extractErrorMessage
FNF:1
FNH:1
FNDA:2,extractErrorMessage
DA:1,1
DA:2,2
DA:3,2
DA:4,2
DA:5,0
DA:6,0
LF:6
LH:4
BRDA:1,0,0,2
BRDA:5,1,0,0
BRF:2
BRH:1
end_of_record
TN:
SF:src/modules/store/store.ts
FN:18,createStore
FN:26,middleware
FN:42,useAppDispatch
FNF:3
FNH:2
FNDA:6,createStore
FNDA:6,middleware
FNDA:0,useAppDispatch
DA:1,1
DA:2,1
DA:3,1
DA:4,1
DA:5,1
DA:6,1
DA:7,1
DA:8,1
DA:9,1
DA:10,1
DA:11,1
DA:12,1
DA:13,1
DA:14,1
DA:15,1
DA:16,1
DA:17,1
DA:18,1
DA:19,6
DA:20,6
DA:21,6
DA:22,6
DA:23,6
DA:24,6
DA:25,6
DA:26,6
DA:27,6
DA:28,6
DA:29,6
DA:30,6
DA:31,6
DA:32,6
DA:33,6
DA:34,6
DA:35,6
DA:36,6
DA:37,6
DA:38,6
DA:39,6
DA:40,6
DA:41,1
DA:42,1
LF:42
LH:42
BRDA:18,0,0,6
BRDA:23,1,0,0
BRDA:26,2,0,6
BRF:3
BRH:2
end_of_record
TN:
SF:src/modules/testing/tests-environment.ts
FN:4,createDependencies
FN:10,createTestStore
FN:30,createTestState
FNF:3
FNH:2
FNDA:6,createDependencies
FNDA:3,createTestStore
FNDA:0,createTestState
DA:1,1
DA:2,1
DA:3,1
DA:4,1
DA:5,6
DA:6,6
DA:7,6
DA:8,1
DA:9,1
DA:10,1
DA:11,3
DA:12,3
DA:13,3
DA:14,3
DA:15,3
DA:16,3
DA:17,3
DA:18,3
DA:19,3
DA:20,3
DA:21,3
DA:22,3
DA:23,3
DA:24,3
DA:25,3
DA:26,3
DA:27,3
DA:28,3
DA:29,1
DA:30,1
DA:31,0
DA:32,0
DA:33,0
DA:34,0
DA:35,0
DA:36,0
DA:37,0
DA:38,0
DA:39,0
DA:40,0
DA:41,0
DA:42,0
DA:43,0
LF:43
LH:30
BRDA:4,0,0,6
BRDA:10,1,0,3
BRDA:15,2,0,1
BRDA:15,3,0,2
BRDA:20,4,0,1
BRDA:20,5,0,2
BRDA:24,6,0,1
BRDA:24,7,0,2
BRF:8
BRH:8
end_of_record
